# JRE version: Java(TM) SE Runtime Environment (8.0_66-b17) (build 1.8.0_66-b17)
# Java VM: Java HotSpot(TM) Server VM (25.66-b17 mixed mode linux-x86 )
Heap:
 PSYoungGen      total 258816K, used 24127K [0x91ac0000, 0xa3100000, 0xa7000000)
  eden space 232704K, 0% used [0x91ac0000,0x91ac0000,0x9fe00000)
  from space 26112K, 92% used [0x9fe00000,0xa158fed8,0xa1780000)
  to   space 22784K, 0% used [0xa1ac0000,0xa1ac0000,0xa3100000)
 ParOldGen       total 118272K, used 42275K [0x67000000, 0x6e380000, 0x91ac0000)
  object space 118272K, 35% used [0x67000000,0x69948d40,0x6e380000)
 Metaspace       used 41497K, capacity 42526K, committed 42624K, reserved 43312K
GC Heap History (10 events):
Event: 41.147 GC heap after
Heap after GC invocations=24 (full 4):
 PSYoungGen      total 203520K, used 0K [0x91ac0000, 0x9f740000, 0xa7000000)
  eden space 183296K, 0% used [0x91ac0000,0x91ac0000,0x9cdc0000)
  from space 20224K, 0% used [0x9e380000,0x9e380000,0x9f740000)
  to   space 21248K, 0% used [0x9cdc0000,0x9cdc0000,0x9e280000)
 ParOldGen       total 118272K, used 42255K [0x67000000, 0x6e380000, 0x91ac0000)
  object space 118272K, 35% used [0x67000000,0x69943d40,0x6e380000)
 Metaspace       used 34540K, capacity 35304K, committed 35328K, reserved 36144K
}
Event: 90.631 GC heap before
{Heap before GC invocations=25 (full 4):
 PSYoungGen      total 203520K, used 183296K [0x91ac0000, 0x9f740000, 0xa7000000)
  eden space 183296K, 100% used [0x91ac0000,0x9cdc0000,0x9cdc0000)
  from space 20224K, 0% used [0x9e380000,0x9e380000,0x9f740000)
  to   space 21248K, 0% used [0x9cdc0000,0x9cdc0000,0x9e280000)
 ParOldGen       total 118272K, used 42255K [0x67000000, 0x6e380000, 0x91ac0000)
  object space 118272K, 35% used [0x67000000,0x69943d40,0x6e380000)
 Metaspace       used 39122K, capacity 40051K, committed 40064K, reserved 40240K
Event: 90.650 GC heap after
Heap after GC invocations=25 (full 4):
 PSYoungGen      total 204544K, used 15604K [0x91ac0000, 0xa14c0000, 0xa7000000)
  eden space 183296K, 0% used [0x91ac0000,0x91ac0000,0x9cdc0000)
  from space 21248K, 73% used [0x9cdc0000,0x9dcfd1a0,0x9e280000)
  to   space 22528K, 0% used [0x9fec0000,0x9fec0000,0xa14c0000)
 ParOldGen       total 118272K, used 42259K [0x67000000, 0x6e380000, 0x91ac0000)
  object space 118272K, 35% used [0x67000000,0x69944d40,0x6e380000)
 Metaspace       used 39122K, capacity 40051K, committed 40064K, reserved 40240K
}
Event: 93.901 GC heap before
{Heap before GC invocations=26 (full 4):
 PSYoungGen      total 204544K, used 198900K [0x91ac0000, 0xa14c0000, 0xa7000000)
  eden space 183296K, 100% used [0x91ac0000,0x9cdc0000,0x9cdc0000)
  from space 21248K, 73% used [0x9cdc0000,0x9dcfd1a0,0x9e280000)
  to   space 22528K, 0% used [0x9fec0000,0x9fec0000,0xa14c0000)
 ParOldGen       total 118272K, used 42259K [0x67000000, 0x6e380000, 0x91ac0000)
  object space 118272K, 35% used [0x67000000,0x69944d40,0x6e380000)
 Metaspace       used 40242K, capacity 41185K, committed 41216K, reserved 41264K
Event: 93.932 GC heap after
Heap after GC invocations=26 (full 4):
 PSYoungGen      total 230656K, used 20636K [0x91ac0000, 0xa1940000, 0xa7000000)
  eden space 208128K, 0% used [0x91ac0000,0x91ac0000,0x9e600000)
  from space 22528K, 91% used [0x9fec0000,0xa12e70b8,0xa14c0000)
  to   space 25344K, 0% used [0x9e600000,0x9e600000,0x9fec0000)
 ParOldGen       total 118272K, used 42263K [0x67000000, 0x6e380000, 0x91ac0000)
  object space 118272K, 35% used [0x67000000,0x69945d40,0x6e380000)
 Metaspace       used 40242K, capacity 41185K, committed 41216K, reserved 41264K
}
Event: 97.997 GC heap before
{Heap before GC invocations=27 (full 4):
 PSYoungGen      total 230656K, used 228764K [0x91ac0000, 0xa1940000, 0xa7000000)
  eden space 208128K, 100% used [0x91ac0000,0x9e600000,0x9e600000)
  from space 22528K, 91% used [0x9fec0000,0xa12e70b8,0xa14c0000)
  to   space 25344K, 0% used [0x9e600000,0x9e600000,0x9fec0000)
 ParOldGen       total 118272K, used 42263K [0x67000000, 0x6e380000, 0x91ac0000)
  object space 118272K, 35% used [0x67000000,0x69945d40,0x6e380000)
 Metaspace       used 40561K, capacity 41515K, committed 41600K, reserved 42288K
Event: 98.023 GC heap after
Heap after GC invocations=27 (full 4):
 PSYoungGen      total 233472K, used 16148K [0x91ac0000, 0xa3400000, 0xa7000000)
  eden space 208128K, 0% used [0x91ac0000,0x91ac0000,0x9e600000)
  from space 25344K, 63% used [0x9e600000,0x9f5c5130,0x9fec0000)
  to   space 25856K, 0% used [0xa1ac0000,0xa1ac0000,0xa3400000)
 ParOldGen       total 118272K, used 42267K [0x67000000, 0x6e380000, 0x91ac0000)
  object space 118272K, 35% used [0x67000000,0x69946d40,0x6e380000)
 Metaspace       used 40561K, capacity 41515K, committed 41600K, reserved 42288K
}
Event: 106.140 GC heap before
{Heap before GC invocations=28 (full 4):
 PSYoungGen      total 233472K, used 224276K [0x91ac0000, 0xa3400000, 0xa7000000)
  eden space 208128K, 100% used [0x91ac0000,0x9e600000,0x9e600000)
  from space 25344K, 63% used [0x9e600000,0x9f5c5130,0x9fec0000)
  to   space 25856K, 0% used [0xa1ac0000,0xa1ac0000,0xa3400000)
 ParOldGen       total 118272K, used 42267K [0x67000000, 0x6e380000, 0x91ac0000)
  object space 118272K, 35% used [0x67000000,0x69946d40,0x6e380000)
 Metaspace       used 41305K, capacity 42292K, committed 42368K, reserved 43312K
Event: 106.164 GC heap after
Heap after GC invocations=28 (full 4):
 PSYoungGen      total 255488K, used 15468K [0x91ac0000, 0xa3100000, 0xa7000000)
  eden space 232704K, 0% used [0x91ac0000,0x91ac0000,0x9fe00000)
  from space 22784K, 67% used [0xa1ac0000,0xa29db1b0,0xa3100000)
  to   space 26112K, 0% used [0x9fe00000,0x9fe00000,0xa1780000)
 ParOldGen       total 118272K, used 42271K [0x67000000, 0x6e380000, 0x91ac0000)
  object space 118272K, 35% used [0x67000000,0x69947d40,0x6e380000)
 Metaspace       used 41305K, capacity 42292K, committed 42368K, reserved 43312K
}
Event: 121.518 GC heap before
{Heap before GC invocations=29 (full 4):
 PSYoungGen      total 255488K, used 248172K [0x91ac0000, 0xa3100000, 0xa7000000)
  eden space 232704K, 100% used [0x91ac0000,0x9fe00000,0x9fe00000)
  from space 22784K, 67% used [0xa1ac0000,0xa29db1b0,0xa3100000)
  to   space 26112K, 0% used [0x9fe00000,0x9fe00000,0xa1780000)
 ParOldGen       total 118272K, used 42271K [0x67000000, 0x6e380000, 0x91ac0000)
  object space 118272K, 35% used [0x67000000,0x69947d40,0x6e380000)
 Metaspace       used 41497K, capacity 42526K, committed 42624K, reserved 43312K

