# JRE version: Java(TM) SE Runtime Environment (8.0_66-b17) (build 1.8.0_66-b17)
# Java VM: Java HotSpot(TM) Server VM (25.66-b17 mixed mode linux-x86 )
Heap:
 PSYoungGen      total 260864K, used 0K [0x91ac0000, 0xa7000000, 0xa7000000)
  eden space 226048K, 0% used [0x91ac0000,0x91ac0000,0x9f780000)
  from space 34816K, 0% used [0x9f780000,0x9f780000,0xa1980000)
  to   space 62464K, 0% used [0xa3300000,0xa3300000,0xa7000000)
 ParOldGen       total 216832K, used 208958K [0x67000000, 0x743c0000, 0x91ac0000)
  object space 216832K, 96% used [0x67000000,0x73c0fae8,0x743c0000)
 Metaspace       used 4289K, capacity 4326K, committed 4376K, reserved 4400K
GC Heap History (10 events):
Event: 6.007 GC heap after
Heap after GC invocations=14 (full 2):
 PSYoungGen      total 280832K, used 25886K [0x91ac0000, 0xa6100000, 0xa7000000)
  eden space 246784K, 0% used [0x91ac0000,0x91ac0000,0xa0bc0000)
  from space 34048K, 76% used [0xa30c0000,0xa4a07838,0xa5200000)
  to   space 37888K, 0% used [0xa0bc0000,0xa0bc0000,0xa30c0000)
 ParOldGen       total 137984K, used 82300K [0x67000000, 0x6f6c0000, 0x91ac0000)
  object space 137984K, 59% used [0x67000000,0x6c05f380,0x6f6c0000)
 Metaspace       used 4275K, capacity 4294K, committed 4376K, reserved 4400K
}
Event: 6.839 GC heap before
{Heap before GC invocations=15 (full 2):
 PSYoungGen      total 280832K, used 272670K [0x91ac0000, 0xa6100000, 0xa7000000)
  eden space 246784K, 100% used [0x91ac0000,0xa0bc0000,0xa0bc0000)
  from space 34048K, 76% used [0xa30c0000,0xa4a07838,0xa5200000)
  to   space 37888K, 0% used [0xa0bc0000,0xa0bc0000,0xa30c0000)
 ParOldGen       total 137984K, used 82300K [0x67000000, 0x6f6c0000, 0x91ac0000)
  object space 137984K, 59% used [0x67000000,0x6c05f380,0x6f6c0000)
 Metaspace       used 4280K, capacity 4294K, committed 4376K, reserved 4400K
Event: 6.938 GC heap after
Heap after GC invocations=15 (full 2):
 PSYoungGen      total 284672K, used 37481K [0x91ac0000, 0xa7000000, 0xa7000000)
  eden space 246784K, 0% used [0x91ac0000,0x91ac0000,0xa0bc0000)
  from space 37888K, 98% used [0xa0bc0000,0xa305a550,0xa30c0000)
  to   space 44032K, 0% used [0xa4500000,0xa4500000,0xa7000000)
 ParOldGen       total 137984K, used 107086K [0x67000000, 0x6f6c0000, 0x91ac0000)
  object space 137984K, 77% used [0x67000000,0x6d893920,0x6f6c0000)
 Metaspace       used 4280K, capacity 4294K, committed 4376K, reserved 4400K
}
Event: 7.674 GC heap before
{Heap before GC invocations=16 (full 2):
 PSYoungGen      total 284672K, used 284265K [0x91ac0000, 0xa7000000, 0xa7000000)
  eden space 246784K, 100% used [0x91ac0000,0xa0bc0000,0xa0bc0000)
  from space 37888K, 98% used [0xa0bc0000,0xa305a550,0xa30c0000)
  to   space 44032K, 0% used [0xa4500000,0xa4500000,0xa7000000)
 ParOldGen       total 137984K, used 107348K [0x67000000, 0x6f6c0000, 0x91ac0000)
  object space 137984K, 77% used [0x67000000,0x6d8d5210,0x6f6c0000)
 Metaspace       used 4284K, capacity 4326K, committed 4376K, reserved 4400K
Event: 7.764 GC heap after
Heap after GC invocations=16 (full 2):
 PSYoungGen      total 270080K, used 44030K [0x91ac0000, 0xa7000000, 0xa7000000)
  eden space 226048K, 0% used [0x91ac0000,0x91ac0000,0x9f780000)
  from space 44032K, 99% used [0xa4500000,0xa6fff998,0xa7000000)
  to   space 61696K, 0% used [0x9f780000,0x9f780000,0xa33c0000)
 ParOldGen       total 137984K, used 134623K [0x67000000, 0x6f6c0000, 0x91ac0000)
  object space 137984K, 97% used [0x67000000,0x6f377ed8,0x6f6c0000)
 Metaspace       used 4284K, capacity 4326K, committed 4376K, reserved 4400K
}
Event: 7.764 GC heap before
{Heap before GC invocations=17 (full 3):
 PSYoungGen      total 270080K, used 44030K [0x91ac0000, 0xa7000000, 0xa7000000)
  eden space 226048K, 0% used [0x91ac0000,0x91ac0000,0x9f780000)
  from space 44032K, 99% used [0xa4500000,0xa6fff998,0xa7000000)
  to   space 61696K, 0% used [0x9f780000,0x9f780000,0xa33c0000)
 ParOldGen       total 137984K, used 134623K [0x67000000, 0x6f6c0000, 0x91ac0000)
  object space 137984K, 97% used [0x67000000,0x6f377ed8,0x6f6c0000)
 Metaspace       used 4284K, capacity 4326K, committed 4376K, reserved 4400K
Event: 8.551 GC heap after
Heap after GC invocations=17 (full 3):
 PSYoungGen      total 270080K, used 38610K [0x91ac0000, 0xa7000000, 0xa7000000)
  eden space 226048K, 0% used [0x91ac0000,0x91ac0000,0x9f780000)
  from space 44032K, 87% used [0xa4500000,0xa6ab4958,0xa7000000)
  to   space 61696K, 0% used [0x9f780000,0x9f780000,0xa33c0000)
 ParOldGen       total 216832K, used 137945K [0x67000000, 0x743c0000, 0x91ac0000)
  object space 216832K, 63% used [0x67000000,0x6f6b65b8,0x743c0000)
 Metaspace       used 4284K, capacity 4326K, committed 4376K, reserved 4400K
}
Event: 9.383 GC heap before
{Heap before GC invocations=18 (full 3):
 PSYoungGen      total 270080K, used 264658K [0x91ac0000, 0xa7000000, 0xa7000000)
  eden space 226048K, 100% used [0x91ac0000,0x9f780000,0x9f780000)
  from space 44032K, 87% used [0xa4500000,0xa6ab4958,0xa7000000)
  to   space 61696K, 0% used [0x9f780000,0x9f780000,0xa33c0000)
 ParOldGen       total 216832K, used 137947K [0x67000000, 0x743c0000, 0x91ac0000)
  object space 216832K, 63% used [0x67000000,0x6f6b6e28,0x743c0000)
 Metaspace       used 4289K, capacity 4326K, committed 4376K, reserved 4400K
Event: 9.530 GC heap after
Heap after GC invocations=18 (full 3):
 PSYoungGen      total 260864K, used 34564K [0x91ac0000, 0xa7000000, 0xa7000000)
  eden space 226048K, 0% used [0x91ac0000,0x91ac0000,0x9f780000)
  from space 34816K, 99% used [0x9f780000,0xa19413c8,0xa1980000)
  to   space 62464K, 0% used [0xa3300000,0xa3300000,0xa7000000)
 ParOldGen       total 216832K, used 177114K [0x67000000, 0x743c0000, 0x91ac0000)
  object space 216832K, 81% used [0x67000000,0x71cf6910,0x743c0000)
 Metaspace       used 4289K, capacity 4326K, committed 4376K, reserved 4400K
}
Event: 9.530 GC heap before
{Heap before GC invocations=19 (full 4):
 PSYoungGen      total 260864K, used 34564K [0x91ac0000, 0xa7000000, 0xa7000000)
  eden space 226048K, 0% used [0x91ac0000,0x91ac0000,0x9f780000)
  from space 34816K, 99% used [0x9f780000,0xa19413c8,0xa1980000)
  to   space 62464K, 0% used [0xa3300000,0xa3300000,0xa7000000)
 ParOldGen       total 216832K, used 177114K [0x67000000, 0x743c0000, 0x91ac0000)
  object space 216832K, 81% used [0x67000000,0x71cf6910,0x743c0000)
 Metaspace       used 4289K, capacity 4326K, committed 4376K, reserved 4400K

