# JRE version: Java(TM) SE Runtime Environment (8.0_66-b17) (build 1.8.0_66-b17)
# Java VM: Java HotSpot(TM) Server VM (25.66-b17 mixed mode linux-x86 )
Heap:
 PSYoungGen      total 267776K, used 12099K [0x91ac0000, 0xa7000000, 0xa7000000)
  eden space 214784K, 0% used [0x91ac0000,0x91ac0000,0x9ec80000)
  from space 52992K, 22% used [0xa3c40000,0xa4810d40,0xa7000000)
  to   space 67328K, 0% used [0x9ec80000,0x9ec80000,0xa2e40000)
 ParOldGen       total 231680K, used 231491K [0x67000000, 0x75240000, 0x91ac0000)
  object space 231680K, 99% used [0x67000000,0x75210cb0,0x75240000)
 Metaspace       used 4304K, capacity 4358K, committed 4376K, reserved 4400K
GC Heap History (10 events):
Event: 6.838 GC heap after
Heap after GC invocations=15 (full 2):
 PSYoungGen      total 276736K, used 35313K [0x91ac0000, 0xa7000000, 0xa7000000)
  eden space 241408K, 0% used [0x91ac0000,0x91ac0000,0xa0680000)
  from space 35328K, 99% used [0xa0680000,0xa28fc600,0xa2900000)
  to   space 49152K, 0% used [0xa4000000,0xa4000000,0xa7000000)
 ParOldGen       total 143872K, used 105015K [0x67000000, 0x6fc80000, 0x91ac0000)
  object space 143872K, 72% used [0x67000000,0x6d68dff0,0x6fc80000)
 Metaspace       used 4287K, capacity 4294K, committed 4376K, reserved 4400K
}
Event: 7.707 GC heap before
{Heap before GC invocations=16 (full 2):
 PSYoungGen      total 276736K, used 276721K [0x91ac0000, 0xa7000000, 0xa7000000)
  eden space 241408K, 100% used [0x91ac0000,0xa0680000,0xa0680000)
  from space 35328K, 99% used [0xa0680000,0xa28fc600,0xa2900000)
  to   space 49152K, 0% used [0xa4000000,0xa4000000,0xa7000000)
 ParOldGen       total 143872K, used 105015K [0x67000000, 0x6fc80000, 0x91ac0000)
  object space 143872K, 72% used [0x67000000,0x6d68dff0,0x6fc80000)
 Metaspace       used 4293K, capacity 4326K, committed 4376K, reserved 4400K
Event: 7.835 GC heap after
Heap after GC invocations=16 (full 2):
 PSYoungGen      total 292608K, used 36359K [0x91ac0000, 0xa7000000, 0xa7000000)
  eden space 243456K, 0% used [0x91ac0000,0x91ac0000,0xa0880000)
  from space 49152K, 73% used [0xa4000000,0xa6381dd0,0xa7000000)
  to   space 52992K, 0% used [0xa0880000,0xa0880000,0xa3c40000)
 ParOldGen       total 143872K, used 140324K [0x67000000, 0x6fc80000, 0x91ac0000)
  object space 143872K, 97% used [0x67000000,0x6f9092d8,0x6fc80000)
 Metaspace       used 4293K, capacity 4326K, committed 4376K, reserved 4400K
}
Event: 7.835 GC heap before
{Heap before GC invocations=17 (full 3):
 PSYoungGen      total 292608K, used 36359K [0x91ac0000, 0xa7000000, 0xa7000000)
  eden space 243456K, 0% used [0x91ac0000,0x91ac0000,0xa0880000)
  from space 49152K, 73% used [0xa4000000,0xa6381dd0,0xa7000000)
  to   space 52992K, 0% used [0xa0880000,0xa0880000,0xa3c40000)
 ParOldGen       total 143872K, used 140324K [0x67000000, 0x6fc80000, 0x91ac0000)
  object space 143872K, 97% used [0x67000000,0x6f9092d8,0x6fc80000)
 Metaspace       used 4293K, capacity 4326K, committed 4376K, reserved 4400K
Event: 8.625 GC heap after
Heap after GC invocations=17 (full 3):
 PSYoungGen      total 292608K, used 28932K [0x91ac0000, 0xa7000000, 0xa7000000)
  eden space 243456K, 0% used [0x91ac0000,0x91ac0000,0xa0880000)
  from space 49152K, 58% used [0xa4000000,0xa5c41040,0xa7000000)
  to   space 52992K, 0% used [0xa0880000,0xa0880000,0xa3c40000)
 ParOldGen       total 231680K, used 143839K [0x67000000, 0x75240000, 0x91ac0000)
  object space 231680K, 62% used [0x67000000,0x6fc77cd0,0x75240000)
 Metaspace       used 4293K, capacity 4326K, committed 4376K, reserved 4400K
}
Event: 9.483 GC heap before
{Heap before GC invocations=18 (full 3):
 PSYoungGen      total 292608K, used 272388K [0x91ac0000, 0xa7000000, 0xa7000000)
  eden space 243456K, 100% used [0x91ac0000,0xa0880000,0xa0880000)
  from space 49152K, 58% used [0xa4000000,0xa5c41040,0xa7000000)
  to   space 52992K, 0% used [0xa0880000,0xa0880000,0xa3c40000)
 ParOldGen       total 231680K, used 143839K [0x67000000, 0x75240000, 0x91ac0000)
  object space 231680K, 62% used [0x67000000,0x6fc77cd0,0x75240000)
 Metaspace       used 4297K, capacity 4358K, committed 4376K, reserved 4400K
Event: 9.594 GC heap after
Heap after GC invocations=18 (full 3):
 PSYoungGen      total 296448K, used 52989K [0x91ac0000, 0xa7000000, 0xa7000000)
  eden space 243456K, 0% used [0x91ac0000,0x91ac0000,0xa0880000)
  from space 52992K, 99% used [0xa0880000,0xa3c3f7c8,0xa3c40000)
  to   space 52992K, 0% used [0xa3c40000,0xa3c40000,0xa7000000)
 ParOldGen       total 231680K, used 155253K [0x67000000, 0x75240000, 0x91ac0000)
  object space 231680K, 67% used [0x67000000,0x7079d598,0x75240000)
 Metaspace       used 4297K, capacity 4358K, committed 4376K, reserved 4400K
}
Event: 10.422 GC heap before
{Heap before GC invocations=19 (full 3):
 PSYoungGen      total 296448K, used 296445K [0x91ac0000, 0xa7000000, 0xa7000000)
  eden space 243456K, 100% used [0x91ac0000,0xa0880000,0xa0880000)
  from space 52992K, 99% used [0xa0880000,0xa3c3f7c8,0xa3c40000)
  to   space 52992K, 0% used [0xa3c40000,0xa3c40000,0xa7000000)
 ParOldGen       total 231680K, used 155253K [0x67000000, 0x75240000, 0x91ac0000)
  object space 231680K, 67% used [0x67000000,0x7079d598,0x75240000)
 Metaspace       used 4304K, capacity 4358K, committed 4376K, reserved 4400K
Event: 10.540 GC heap after
Heap after GC invocations=19 (full 3):
 PSYoungGen      total 267776K, used 38134K [0x91ac0000, 0xa7000000, 0xa7000000)
  eden space 214784K, 0% used [0x91ac0000,0x91ac0000,0x9ec80000)
  from space 52992K, 71% used [0xa3c40000,0xa617db48,0xa7000000)
  to   space 67328K, 0% used [0x9ec80000,0x9ec80000,0xa2e40000)
 ParOldGen       total 231680K, used 208677K [0x67000000, 0x75240000, 0x91ac0000)
  object space 231680K, 90% used [0x67000000,0x73bc9458,0x75240000)
 Metaspace       used 4304K, capacity 4358K, committed 4376K, reserved 4400K
}
Event: 10.540 GC heap before
{Heap before GC invocations=20 (full 4):
 PSYoungGen      total 267776K, used 38134K [0x91ac0000, 0xa7000000, 0xa7000000)
  eden space 214784K, 0% used [0x91ac0000,0x91ac0000,0x9ec80000)
  from space 52992K, 71% used [0xa3c40000,0xa617db48,0xa7000000)
  to   space 67328K, 0% used [0x9ec80000,0x9ec80000,0xa2e40000)
 ParOldGen       total 231680K, used 208677K [0x67000000, 0x75240000, 0x91ac0000)
  object space 231680K, 90% used [0x67000000,0x73bc9458,0x75240000)
 Metaspace       used 4304K, capacity 4358K, committed 4376K, reserved 4400K

