# JRE version: Java(TM) SE Runtime Environment (8.0_66-b17) (build 1.8.0_66-b17)
# Java VM: Java HotSpot(TM) Server VM (25.66-b17 mixed mode linux-x86 )
Heap:
 PSYoungGen      total 266496K, used 14799K [0x91ac0000, 0xa7000000, 0xa7000000)
  eden space 209152K, 0% used [0x91ac0000,0x91ac0000,0x9e700000)
  from space 57344K, 25% used [0xa3800000,0xa4673ec0,0xa7000000)
  to   space 70144K, 0% used [0x9e700000,0x9e700000,0xa2b80000)
 ParOldGen       total 228352K, used 228248K [0x67000000, 0x74f00000, 0x91ac0000)
  object space 228352K, 99% used [0x67000000,0x74ee63c8,0x74f00000)
 Metaspace       used 4368K, capacity 4422K, committed 4504K, reserved 5424K
GC Heap History (10 events):
Event: 11.544 GC heap after
Heap after GC invocations=15 (full 2):
 PSYoungGen      total 292352K, used 37884K [0x91ac0000, 0xa7000000, 0xa7000000)
  eden space 254464K, 0% used [0x91ac0000,0x91ac0000,0xa1340000)
  from space 37888K, 99% used [0xa1340000,0xa383f3a0,0xa3840000)
  to   space 54016K, 0% used [0xa3b40000,0xa3b40000,0xa7000000)
 ParOldGen       total 136448K, used 107552K [0x67000000, 0x6f540000, 0x91ac0000)
  object space 136448K, 78% used [0x67000000,0x6d908260,0x6f540000)
 Metaspace       used 4290K, capacity 4326K, committed 4376K, reserved 4400K
}
Event: 12.392 GC heap before
{Heap before GC invocations=16 (full 2):
 PSYoungGen      total 292352K, used 292348K [0x91ac0000, 0xa7000000, 0xa7000000)
  eden space 254464K, 100% used [0x91ac0000,0xa1340000,0xa1340000)
  from space 37888K, 99% used [0xa1340000,0xa383f3a0,0xa3840000)
  to   space 54016K, 0% used [0xa3b40000,0xa3b40000,0xa7000000)
 ParOldGen       total 136448K, used 107552K [0x67000000, 0x6f540000, 0x91ac0000)
  object space 136448K, 78% used [0x67000000,0x6d908260,0x6f540000)
 Metaspace       used 4293K, capacity 4326K, committed 4376K, reserved 4400K
Event: 12.496 GC heap after
Heap after GC invocations=16 (full 2):
 PSYoungGen      total 288768K, used 37358K [0x91ac0000, 0xa7000000, 0xa7000000)
  eden space 234752K, 0% used [0x91ac0000,0x91ac0000,0xa0000000)
  from space 54016K, 69% used [0xa3b40000,0xa5fbbb70,0xa7000000)
  to   space 57344K, 0% used [0xa0000000,0xa0000000,0xa3800000)
 ParOldGen       total 144640K, used 144541K [0x67000000, 0x6fd40000, 0x91ac0000)
  object space 144640K, 99% used [0x67000000,0x6fd27440,0x6fd40000)
 Metaspace       used 4293K, capacity 4326K, committed 4376K, reserved 4400K
}
Event: 12.496 GC heap before
{Heap before GC invocations=17 (full 3):
 PSYoungGen      total 288768K, used 37358K [0x91ac0000, 0xa7000000, 0xa7000000)
  eden space 234752K, 0% used [0x91ac0000,0x91ac0000,0xa0000000)
  from space 54016K, 69% used [0xa3b40000,0xa5fbbb70,0xa7000000)
  to   space 57344K, 0% used [0xa0000000,0xa0000000,0xa3800000)
 ParOldGen       total 144640K, used 144541K [0x67000000, 0x6fd40000, 0x91ac0000)
  object space 144640K, 99% used [0x67000000,0x6fd27440,0x6fd40000)
 Metaspace       used 4293K, capacity 4326K, committed 4376K, reserved 4400K
Event: 13.361 GC heap after
Heap after GC invocations=17 (full 3):
 PSYoungGen      total 288768K, used 34215K [0x91ac0000, 0xa7000000, 0xa7000000)
  eden space 234752K, 0% used [0x91ac0000,0x91ac0000,0xa0000000)
  from space 54016K, 63% used [0xa3b40000,0xa5ca9d78,0xa7000000)
  to   space 57344K, 0% used [0xa0000000,0xa0000000,0xa3800000)
 ParOldGen       total 228352K, used 144511K [0x67000000, 0x74f00000, 0x91ac0000)
  object space 228352K, 63% used [0x67000000,0x6fd1fd90,0x74f00000)
 Metaspace       used 4293K, capacity 4326K, committed 4376K, reserved 4400K
}
Event: 14.197 GC heap before
{Heap before GC invocations=18 (full 3):
 PSYoungGen      total 288768K, used 268967K [0x91ac0000, 0xa7000000, 0xa7000000)
  eden space 234752K, 100% used [0x91ac0000,0xa0000000,0xa0000000)
  from space 54016K, 63% used [0xa3b40000,0xa5ca9d78,0xa7000000)
  to   space 57344K, 0% used [0xa0000000,0xa0000000,0xa3800000)
 ParOldGen       total 228352K, used 144511K [0x67000000, 0x74f00000, 0x91ac0000)
  object space 228352K, 63% used [0x67000000,0x6fd1fd90,0x74f00000)
 Metaspace       used 4303K, capacity 4358K, committed 4376K, reserved 4400K
Event: 14.352 GC heap after
Heap after GC invocations=18 (full 3):
 PSYoungGen      total 292096K, used 57342K [0x91ac0000, 0xa7000000, 0xa7000000)
  eden space 234752K, 0% used [0x91ac0000,0x91ac0000,0xa0000000)
  from space 57344K, 99% used [0xa0000000,0xa37ffa00,0xa3800000)
  to   space 57344K, 0% used [0xa3800000,0xa3800000,0xa7000000)
 ParOldGen       total 228352K, used 156694K [0x67000000, 0x74f00000, 0x91ac0000)
  object space 228352K, 68% used [0x67000000,0x70905938,0x74f00000)
 Metaspace       used 4303K, capacity 4358K, committed 4376K, reserved 4400K
}
Event: 15.423 GC heap before
{Heap before GC invocations=19 (full 3):
 PSYoungGen      total 292096K, used 292094K [0x91ac0000, 0xa7000000, 0xa7000000)
  eden space 234752K, 100% used [0x91ac0000,0xa0000000,0xa0000000)
  from space 57344K, 99% used [0xa0000000,0xa37ffa00,0xa3800000)
  to   space 57344K, 0% used [0xa3800000,0xa3800000,0xa7000000)
 ParOldGen       total 228352K, used 156694K [0x67000000, 0x74f00000, 0x91ac0000)
  object space 228352K, 68% used [0x67000000,0x70905938,0x74f00000)
 Metaspace       used 4368K, capacity 4422K, committed 4504K, reserved 5424K
Event: 15.562 GC heap after
Heap after GC invocations=19 (full 3):
 PSYoungGen      total 266496K, used 34183K [0x91ac0000, 0xa7000000, 0xa7000000)
  eden space 209152K, 0% used [0x91ac0000,0x91ac0000,0x9e700000)
  from space 57344K, 59% used [0xa3800000,0xa5961e78,0xa7000000)
  to   space 70144K, 0% used [0x9e700000,0x9e700000,0xa2b80000)
 ParOldGen       total 228352K, used 213712K [0x67000000, 0x74f00000, 0x91ac0000)
  object space 228352K, 93% used [0x67000000,0x740b4320,0x74f00000)
 Metaspace       used 4368K, capacity 4422K, committed 4504K, reserved 5424K
}
Event: 15.562 GC heap before
{Heap before GC invocations=20 (full 4):
 PSYoungGen      total 266496K, used 34183K [0x91ac0000, 0xa7000000, 0xa7000000)
  eden space 209152K, 0% used [0x91ac0000,0x91ac0000,0x9e700000)
  from space 57344K, 59% used [0xa3800000,0xa5961e78,0xa7000000)
  to   space 70144K, 0% used [0x9e700000,0x9e700000,0xa2b80000)
 ParOldGen       total 228352K, used 213712K [0x67000000, 0x74f00000, 0x91ac0000)
  object space 228352K, 93% used [0x67000000,0x740b4320,0x74f00000)
 Metaspace       used 4368K, capacity 4422K, committed 4504K, reserved 5424K

