# JRE version: Java(TM) SE Runtime Environment (8.0_66-b17) (build 1.8.0_66-b17)
# Java VM: Java HotSpot(TM) Server VM (25.66-b17 mixed mode linux-x86 )
Heap:
 PSYoungGen      total 271616K, used 32602K [0x91ac0000, 0xa7000000, 0xa7000000)
  eden space 227584K, 0% used [0x91ac0000,0x91ac0000,0x9f900000)
  from space 44032K, 74% used [0xa4500000,0xa64d6ae0,0xa7000000)
  to   space 60928K, 0% used [0x9f900000,0x9f900000,0xa3480000)
 ParOldGen       total 141056K, used 140813K [0x67000000, 0x6f9c0000, 0x91ac0000)
  object space 141056K, 99% used [0x67000000,0x6f983498,0x6f9c0000)
 Metaspace       used 4294K, capacity 4326K, committed 4376K, reserved 4400K
GC Heap History (10 events):
Event: 4.544 GC heap after
Heap after GC invocations=12 (full 1):
 PSYoungGen      total 216576K, used 21772K [0x91ac0000, 0xa4840000, 0xa7000000)
  eden space 184064K, 0% used [0x91ac0000,0x91ac0000,0x9ce80000)
  from space 32512K, 66% used [0x9ce80000,0x9e3c31b0,0x9ee40000)
  to   space 34048K, 0% used [0xa2700000,0xa2700000,0xa4840000)
 ParOldGen       total 77568K, used 60138K [0x67000000, 0x6bbc0000, 0x91ac0000)
  object space 77568K, 77% used [0x67000000,0x6aaba9f0,0x6bbc0000)
 Metaspace       used 4259K, capacity 4294K, committed 4376K, reserved 4400K
}
Event: 5.291 GC heap before
{Heap before GC invocations=13 (full 1):
 PSYoungGen      total 216576K, used 205836K [0x91ac0000, 0xa4840000, 0xa7000000)
  eden space 184064K, 100% used [0x91ac0000,0x9ce80000,0x9ce80000)
  from space 32512K, 66% used [0x9ce80000,0x9e3c31b0,0x9ee40000)
  to   space 34048K, 0% used [0xa2700000,0xa2700000,0xa4840000)
 ParOldGen       total 77568K, used 60138K [0x67000000, 0x6bbc0000, 0x91ac0000)
  object space 77568K, 77% used [0x67000000,0x6aaba9f0,0x6bbc0000)
 Metaspace       used 4285K, capacity 4294K, committed 4376K, reserved 4400K
Event: 5.372 GC heap after
Heap after GC invocations=13 (full 1):
 PSYoungGen      total 270848K, used 28527K [0x91ac0000, 0xa4f80000, 0xa7000000)
  eden space 236800K, 0% used [0x91ac0000,0x91ac0000,0xa0200000)
  from space 34048K, 83% used [0xa2700000,0xa42dbf90,0xa4840000)
  to   space 37888K, 0% used [0xa0200000,0xa0200000,0xa2700000)
 ParOldGen       total 81664K, used 81164K [0x67000000, 0x6bfc0000, 0x91ac0000)
  object space 81664K, 99% used [0x67000000,0x6bf432f8,0x6bfc0000)
 Metaspace       used 4285K, capacity 4294K, committed 4376K, reserved 4400K
}
Event: 5.372 GC heap before
{Heap before GC invocations=14 (full 2):
 PSYoungGen      total 270848K, used 28527K [0x91ac0000, 0xa4f80000, 0xa7000000)
  eden space 236800K, 0% used [0x91ac0000,0x91ac0000,0xa0200000)
  from space 34048K, 83% used [0xa2700000,0xa42dbf90,0xa4840000)
  to   space 37888K, 0% used [0xa0200000,0xa0200000,0xa2700000)
 ParOldGen       total 81664K, used 81164K [0x67000000, 0x6bfc0000, 0x91ac0000)
  object space 81664K, 99% used [0x67000000,0x6bf432f8,0x6bfc0000)
 Metaspace       used 4285K, capacity 4294K, committed 4376K, reserved 4400K
Event: 5.851 GC heap after
Heap after GC invocations=14 (full 2):
 PSYoungGen      total 270848K, used 25177K [0x91ac0000, 0xa4f80000, 0xa7000000)
  eden space 236800K, 0% used [0x91ac0000,0x91ac0000,0xa0200000)
  from space 34048K, 73% used [0xa2700000,0xa3f96570,0xa4840000)
  to   space 37888K, 0% used [0xa0200000,0xa0200000,0xa2700000)
 ParOldGen       total 141056K, used 81525K [0x67000000, 0x6f9c0000, 0x91ac0000)
  object space 141056K, 57% used [0x67000000,0x6bf9d668,0x6f9c0000)
 Metaspace       used 4285K, capacity 4294K, committed 4376K, reserved 4400K
}
Event: 6.695 GC heap before
{Heap before GC invocations=15 (full 2):
 PSYoungGen      total 270848K, used 261977K [0x91ac0000, 0xa4f80000, 0xa7000000)
  eden space 236800K, 100% used [0x91ac0000,0xa0200000,0xa0200000)
  from space 34048K, 73% used [0xa2700000,0xa3f96570,0xa4840000)
  to   space 37888K, 0% used [0xa0200000,0xa0200000,0xa2700000)
 ParOldGen       total 141056K, used 81525K [0x67000000, 0x6f9c0000, 0x91ac0000)
  object space 141056K, 57% used [0x67000000,0x6bf9d668,0x6f9c0000)
 Metaspace       used 4290K, capacity 4294K, committed 4376K, reserved 4400K
Event: 6.824 GC heap after
Heap after GC invocations=15 (full 2):
 PSYoungGen      total 274688K, used 37345K [0x91ac0000, 0xa7000000, 0xa7000000)
  eden space 236800K, 0% used [0x91ac0000,0x91ac0000,0xa0200000)
  from space 37888K, 98% used [0xa0200000,0xa2678500,0xa2700000)
  to   space 44032K, 0% used [0xa4500000,0xa4500000,0xa7000000)
 ParOldGen       total 141056K, used 105480K [0x67000000, 0x6f9c0000, 0x91ac0000)
  object space 141056K, 74% used [0x67000000,0x6d7023c8,0x6f9c0000)
 Metaspace       used 4290K, capacity 4294K, committed 4376K, reserved 4400K
}
Event: 7.592 GC heap before
{Heap before GC invocations=16 (full 2):
 PSYoungGen      total 274688K, used 274145K [0x91ac0000, 0xa7000000, 0xa7000000)
  eden space 236800K, 100% used [0x91ac0000,0xa0200000,0xa0200000)
  from space 37888K, 98% used [0xa0200000,0xa2678500,0xa2700000)
  to   space 44032K, 0% used [0xa4500000,0xa4500000,0xa7000000)
 ParOldGen       total 141056K, used 105480K [0x67000000, 0x6f9c0000, 0x91ac0000)
  object space 141056K, 74% used [0x67000000,0x6d7023c8,0x6f9c0000)
 Metaspace       used 4294K, capacity 4326K, committed 4376K, reserved 4400K
Event: 7.760 GC heap after
Heap after GC invocations=16 (full 2):
 PSYoungGen      total 271616K, used 44029K [0x91ac0000, 0xa7000000, 0xa7000000)
  eden space 227584K, 0% used [0x91ac0000,0x91ac0000,0x9f900000)
  from space 44032K, 99% used [0xa4500000,0xa6fff498,0xa7000000)
  to   space 60928K, 0% used [0x9f900000,0x9f900000,0xa3480000)
 ParOldGen       total 141056K, used 131204K [0x67000000, 0x6f9c0000, 0x91ac0000)
  object space 141056K, 93% used [0x67000000,0x6f021100,0x6f9c0000)
 Metaspace       used 4294K, capacity 4326K, committed 4376K, reserved 4400K
}
Event: 7.760 GC heap before
{Heap before GC invocations=17 (full 3):
 PSYoungGen      total 271616K, used 44029K [0x91ac0000, 0xa7000000, 0xa7000000)
  eden space 227584K, 0% used [0x91ac0000,0x91ac0000,0x9f900000)
  from space 44032K, 99% used [0xa4500000,0xa6fff498,0xa7000000)
  to   space 60928K, 0% used [0x9f900000,0x9f900000,0xa3480000)
 ParOldGen       total 141056K, used 131204K [0x67000000, 0x6f9c0000, 0x91ac0000)
  object space 141056K, 93% used [0x67000000,0x6f021100,0x6f9c0000)
 Metaspace       used 4294K, capacity 4326K, committed 4376K, reserved 4400K

