# JRE version: Java(TM) SE Runtime Environment (8.0_66-b17) (build 1.8.0_66-b17)
# Java VM: Java HotSpot(TM) Server VM (25.66-b17 mixed mode linux-x86 )
Heap:
 PSYoungGen      total 269056K, used 32610K [0x91ac0000, 0xa7000000, 0xa7000000)
  eden space 232448K, 0% used [0x91ac0000,0x91ac0000,0x9fdc0000)
  from space 36608K, 89% used [0xa3180000,0xa5158870,0xa5540000)
  to   space 52992K, 0% used [0x9fdc0000,0x9fdc0000,0xa3180000)
 ParOldGen       total 81408K, used 81293K [0x67000000, 0x6bf80000, 0x91ac0000)
  object space 81408K, 99% used [0x67000000,0x6bf636c8,0x6bf80000)
 Metaspace       used 4272K, capacity 4294K, committed 4376K, reserved 4400K
GC Heap History (10 events):
Event: 4.117 GC heap after
Heap after GC invocations=7 (full 0):
 PSYoungGen      total 140544K, used 15866K [0x91ac0000, 0xa4040000, 0xa7000000)
  eden space 124672K, 0% used [0x91ac0000,0x91ac0000,0x99480000)
  from space 15872K, 99% used [0x99480000,0x9a3fe8b8,0x9a400000)
  to   space 25600K, 0% used [0xa2740000,0xa2740000,0xa4040000)
 ParOldGen       total 42496K, used 30022K [0x67000000, 0x69980000, 0x91ac0000)
  object space 42496K, 70% used [0x67000000,0x68d51a10,0x69980000)
 Metaspace       used 4129K, capacity 4166K, committed 4248K, reserved 4400K
}
Event: 4.117 GC heap before
{Heap before GC invocations=8 (full 1):
 PSYoungGen      total 140544K, used 15866K [0x91ac0000, 0xa4040000, 0xa7000000)
  eden space 124672K, 0% used [0x91ac0000,0x91ac0000,0x99480000)
  from space 15872K, 99% used [0x99480000,0x9a3fe8b8,0x9a400000)
  to   space 25600K, 0% used [0xa2740000,0xa2740000,0xa4040000)
 ParOldGen       total 42496K, used 30022K [0x67000000, 0x69980000, 0x91ac0000)
  object space 42496K, 70% used [0x67000000,0x68d51a10,0x69980000)
 Metaspace       used 4129K, capacity 4166K, committed 4248K, reserved 4400K
Event: 4.457 GC heap after
Heap after GC invocations=8 (full 1):
 PSYoungGen      total 140544K, used 249K [0x91ac0000, 0xa4040000, 0xa7000000)
  eden space 124672K, 0% used [0x91ac0000,0x91ac0000,0x99480000)
  from space 15872K, 1% used [0x99480000,0x994be678,0x9a400000)
  to   space 25600K, 0% used [0xa2740000,0xa2740000,0xa4040000)
 ParOldGen       total 79104K, used 42246K [0x67000000, 0x6bd40000, 0x91ac0000)
  object space 79104K, 53% used [0x67000000,0x69941ad8,0x6bd40000)
 Metaspace       used 4129K, capacity 4166K, committed 4248K, reserved 4400K
}
Event: 5.065 GC heap before
{Heap before GC invocations=9 (full 1):
 PSYoungGen      total 140544K, used 124921K [0x91ac0000, 0xa4040000, 0xa7000000)
  eden space 124672K, 100% used [0x91ac0000,0x99480000,0x99480000)
  from space 15872K, 1% used [0x99480000,0x994be678,0x9a400000)
  to   space 25600K, 0% used [0xa2740000,0xa2740000,0xa4040000)
 ParOldGen       total 79104K, used 42246K [0x67000000, 0x6bd40000, 0x91ac0000)
  object space 79104K, 53% used [0x67000000,0x69941ad8,0x6bd40000)
 Metaspace       used 4175K, capacity 4230K, committed 4248K, reserved 4400K
Event: 5.127 GC heap after
Heap after GC invocations=9 (full 1):
 PSYoungGen      total 207872K, used 17698K [0x91ac0000, 0xa38c0000, 0xa7000000)
  eden space 189952K, 0% used [0x91ac0000,0x91ac0000,0x9d440000)
  from space 17920K, 98% used [0xa2740000,0xa38889c0,0xa38c0000)
  to   space 27136K, 0% used [0xa03c0000,0xa03c0000,0xa1e40000)
 ParOldGen       total 79104K, used 42250K [0x67000000, 0x6bd40000, 0x91ac0000)
  object space 79104K, 53% used [0x67000000,0x69942ad8,0x6bd40000)
 Metaspace       used 4175K, capacity 4230K, committed 4248K, reserved 4400K
}
Event: 6.249 GC heap before
{Heap before GC invocations=10 (full 1):
 PSYoungGen      total 207872K, used 207650K [0x91ac0000, 0xa38c0000, 0xa7000000)
  eden space 189952K, 100% used [0x91ac0000,0x9d440000,0x9d440000)
  from space 17920K, 98% used [0xa2740000,0xa38889c0,0xa38c0000)
  to   space 27136K, 0% used [0xa03c0000,0xa03c0000,0xa1e40000)
 ParOldGen       total 79104K, used 42250K [0x67000000, 0x6bd40000, 0x91ac0000)
  object space 79104K, 53% used [0x67000000,0x69942ad8,0x6bd40000)
 Metaspace       used 4231K, capacity 4262K, committed 4376K, reserved 4400K
Event: 6.337 GC heap after
Heap after GC invocations=10 (full 1):
 PSYoungGen      total 265728K, used 27128K [0x91ac0000, 0xa5540000, 0xa7000000)
  eden space 238592K, 0% used [0x91ac0000,0x91ac0000,0xa03c0000)
  from space 27136K, 99% used [0xa03c0000,0xa1e3e160,0xa1e40000)
  to   space 36608K, 0% used [0xa3180000,0xa3180000,0xa5540000)
 ParOldGen       total 79104K, used 53612K [0x67000000, 0x6bd40000, 0x91ac0000)
  object space 79104K, 67% used [0x67000000,0x6a45b2c8,0x6bd40000)
 Metaspace       used 4231K, capacity 4262K, committed 4376K, reserved 4400K
}
Event: 7.941 GC heap before
{Heap before GC invocations=11 (full 1):
 PSYoungGen      total 265728K, used 265720K [0x91ac0000, 0xa5540000, 0xa7000000)
  eden space 238592K, 100% used [0x91ac0000,0xa03c0000,0xa03c0000)
  from space 27136K, 99% used [0xa03c0000,0xa1e3e160,0xa1e40000)
  to   space 36608K, 0% used [0xa3180000,0xa3180000,0xa5540000)
 ParOldGen       total 79104K, used 53612K [0x67000000, 0x6bd40000, 0x91ac0000)
  object space 79104K, 67% used [0x67000000,0x6a45b2c8,0x6bd40000)
 Metaspace       used 4272K, capacity 4294K, committed 4376K, reserved 4400K
Event: 8.137 GC heap after
Heap after GC invocations=11 (full 1):
 PSYoungGen      total 269056K, used 36597K [0x91ac0000, 0xa7000000, 0xa7000000)
  eden space 232448K, 0% used [0x91ac0000,0x91ac0000,0x9fdc0000)
  from space 36608K, 99% used [0xa3180000,0xa553d6d0,0xa5540000)
  to   space 52992K, 0% used [0x9fdc0000,0x9fdc0000,0xa3180000)
 ParOldGen       total 81408K, used 81178K [0x67000000, 0x6bf80000, 0x91ac0000)
  object space 81408K, 99% used [0x67000000,0x6bf46b80,0x6bf80000)
 Metaspace       used 4272K, capacity 4294K, committed 4376K, reserved 4400K
}
Event: 8.137 GC heap before
{Heap before GC invocations=12 (full 2):
 PSYoungGen      total 269056K, used 36597K [0x91ac0000, 0xa7000000, 0xa7000000)
  eden space 232448K, 0% used [0x91ac0000,0x91ac0000,0x9fdc0000)
  from space 36608K, 99% used [0xa3180000,0xa553d6d0,0xa5540000)
  to   space 52992K, 0% used [0x9fdc0000,0x9fdc0000,0xa3180000)
 ParOldGen       total 81408K, used 81178K [0x67000000, 0x6bf80000, 0x91ac0000)
  object space 81408K, 99% used [0x67000000,0x6bf46b80,0x6bf80000)
 Metaspace       used 4272K, capacity 4294K, committed 4376K, reserved 4400K

