# JRE version: Java(TM) SE Runtime Environment (8.0_66-b17) (build 1.8.0_66-b17)
# Java VM: Java HotSpot(TM) Server VM (25.66-b17 mixed mode linux-x86 )
Heap:
 PSYoungGen      total 268288K, used 25950K [0x91ac0000, 0xa4b40000, 0xa7000000)
  eden space 231424K, 0% used [0x91ac0000,0x91ac0000,0x9fcc0000)
  from space 36864K, 70% used [0xa2600000,0xa3f57b38,0xa4a00000)
  to   space 40192K, 0% used [0x9fcc0000,0x9fcc0000,0xa2400000)
 ParOldGen       total 81152K, used 80954K [0x67000000, 0x6bf40000, 0x91ac0000)
  object space 81152K, 99% used [0x67000000,0x6bf0ea28,0x6bf40000)
 Metaspace       used 4281K, capacity 4294K, committed 4376K, reserved 4400K
GC Heap History (10 events):
Event: 2.947 GC heap after
Heap after GC invocations=9 (full 0):
 PSYoungGen      total 137728K, used 19446K [0x91ac0000, 0xa0a40000, 0xa7000000)
  eden space 118272K, 0% used [0x91ac0000,0x91ac0000,0x98e40000)
  from space 19456K, 99% used [0x98e40000,0x9a13da58,0x9a140000)
  to   space 27904K, 0% used [0x9ef00000,0x9ef00000,0xa0a40000)
 ParOldGen       total 42496K, used 29929K [0x67000000, 0x69980000, 0x91ac0000)
  object space 42496K, 70% used [0x67000000,0x68d3a590,0x69980000)
 Metaspace       used 4139K, capacity 4166K, committed 4248K, reserved 4400K
}
Event: 3.364 GC heap before
{Heap before GC invocations=10 (full 0):
 PSYoungGen      total 137728K, used 137718K [0x91ac0000, 0xa0a40000, 0xa7000000)
  eden space 118272K, 100% used [0x91ac0000,0x98e40000,0x98e40000)
  from space 19456K, 99% used [0x98e40000,0x9a13da58,0x9a140000)
  to   space 27904K, 0% used [0x9ef00000,0x9ef00000,0xa0a40000)
 ParOldGen       total 42496K, used 29929K [0x67000000, 0x69980000, 0x91ac0000)
  object space 42496K, 70% used [0x67000000,0x68d3a590,0x69980000)
 Metaspace       used 4205K, capacity 4230K, committed 4248K, reserved 4400K
Event: 3.447 GC heap after
Heap after GC invocations=10 (full 0):
 PSYoungGen      total 209408K, used 27894K [0x91ac0000, 0xa19c0000, 0xa7000000)
  eden space 181504K, 0% used [0x91ac0000,0x91ac0000,0x9cc00000)
  from space 27904K, 99% used [0x9ef00000,0xa0a3da48,0xa0a40000)
  to   space 35840K, 0% used [0x9cc00000,0x9cc00000,0x9ef00000)
 ParOldGen       total 42496K, used 37964K [0x67000000, 0x69980000, 0x91ac0000)
  object space 42496K, 89% used [0x67000000,0x69513368,0x69980000)
 Metaspace       used 4205K, capacity 4230K, committed 4248K, reserved 4400K
}
Event: 3.447 GC heap before
{Heap before GC invocations=11 (full 1):
 PSYoungGen      total 209408K, used 27894K [0x91ac0000, 0xa19c0000, 0xa7000000)
  eden space 181504K, 0% used [0x91ac0000,0x91ac0000,0x9cc00000)
  from space 27904K, 99% used [0x9ef00000,0xa0a3da48,0xa0a40000)
  to   space 35840K, 0% used [0x9cc00000,0x9cc00000,0x9ef00000)
 ParOldGen       total 42496K, used 37964K [0x67000000, 0x69980000, 0x91ac0000)
  object space 42496K, 89% used [0x67000000,0x69513368,0x69980000)
 Metaspace       used 4205K, capacity 4230K, committed 4248K, reserved 4400K
Event: 3.820 GC heap after
Heap after GC invocations=11 (full 1):
 PSYoungGen      total 209408K, used 18037K [0x91ac0000, 0xa19c0000, 0xa7000000)
  eden space 181504K, 0% used [0x91ac0000,0x91ac0000,0x9cc00000)
  from space 27904K, 64% used [0x9ef00000,0xa009d5c0,0xa0a40000)
  to   space 35840K, 0% used [0x9cc00000,0x9cc00000,0x9ef00000)
 ParOldGen       total 77568K, used 42412K [0x67000000, 0x6bbc0000, 0x91ac0000)
  object space 77568K, 54% used [0x67000000,0x6996b270,0x6bbc0000)
 Metaspace       used 4205K, capacity 4230K, committed 4248K, reserved 4400K
}
Event: 4.366 GC heap before
{Heap before GC invocations=12 (full 1):
 PSYoungGen      total 209408K, used 199541K [0x91ac0000, 0xa19c0000, 0xa7000000)
  eden space 181504K, 100% used [0x91ac0000,0x9cc00000,0x9cc00000)
  from space 27904K, 64% used [0x9ef00000,0xa009d5c0,0xa0a40000)
  to   space 35840K, 0% used [0x9cc00000,0x9cc00000,0x9ef00000)
 ParOldGen       total 77568K, used 42412K [0x67000000, 0x6bbc0000, 0x91ac0000)
  object space 77568K, 54% used [0x67000000,0x6996b270,0x6bbc0000)
 Metaspace       used 4249K, capacity 4294K, committed 4376K, reserved 4400K
Event: 4.469 GC heap after
Heap after GC invocations=12 (full 1):
 PSYoungGen      total 217344K, used 21345K [0x91ac0000, 0xa4a00000, 0xa7000000)
  eden space 181504K, 0% used [0x91ac0000,0x91ac0000,0x9cc00000)
  from space 35840K, 59% used [0x9cc00000,0x9e0d84e0,0x9ef00000)
  to   space 36864K, 0% used [0xa2600000,0xa2600000,0xa4a00000)
 ParOldGen       total 77568K, used 60118K [0x67000000, 0x6bbc0000, 0x91ac0000)
  object space 77568K, 77% used [0x67000000,0x6aab5888,0x6bbc0000)
 Metaspace       used 4249K, capacity 4294K, committed 4376K, reserved 4400K
}
Event: 8.725 GC heap before
{Heap before GC invocations=13 (full 1):
 PSYoungGen      total 217344K, used 202849K [0x91ac0000, 0xa4a00000, 0xa7000000)
  eden space 181504K, 100% used [0x91ac0000,0x9cc00000,0x9cc00000)
  from space 35840K, 59% used [0x9cc00000,0x9e0d84e0,0x9ef00000)
  to   space 36864K, 0% used [0xa2600000,0xa2600000,0xa4a00000)
 ParOldGen       total 77568K, used 60118K [0x67000000, 0x6bbc0000, 0x91ac0000)
  object space 77568K, 77% used [0x67000000,0x6aab5888,0x6bbc0000)
 Metaspace       used 4281K, capacity 4294K, committed 4376K, reserved 4400K
Event: 8.841 GC heap after
Heap after GC invocations=13 (full 1):
 PSYoungGen      total 268288K, used 29055K [0x91ac0000, 0xa4b40000, 0xa7000000)
  eden space 231424K, 0% used [0x91ac0000,0x91ac0000,0x9fcc0000)
  from space 36864K, 78% used [0xa2600000,0xa425ff00,0xa4a00000)
  to   space 40192K, 0% used [0x9fcc0000,0x9fcc0000,0xa2400000)
 ParOldGen       total 81152K, used 80544K [0x67000000, 0x6bf40000, 0x91ac0000)
  object space 81152K, 99% used [0x67000000,0x6bea81c8,0x6bf40000)
 Metaspace       used 4281K, capacity 4294K, committed 4376K, reserved 4400K
}
Event: 8.841 GC heap before
{Heap before GC invocations=14 (full 2):
 PSYoungGen      total 268288K, used 29055K [0x91ac0000, 0xa4b40000, 0xa7000000)
  eden space 231424K, 0% used [0x91ac0000,0x91ac0000,0x9fcc0000)
  from space 36864K, 78% used [0xa2600000,0xa425ff00,0xa4a00000)
  to   space 40192K, 0% used [0x9fcc0000,0x9fcc0000,0xa2400000)
 ParOldGen       total 81152K, used 80544K [0x67000000, 0x6bf40000, 0x91ac0000)
  object space 81152K, 99% used [0x67000000,0x6bea81c8,0x6bf40000)
 Metaspace       used 4281K, capacity 4294K, committed 4376K, reserved 4400K

