# JRE version: Java(TM) SE Runtime Environment (8.0_66-b17) (build 1.8.0_66-b17)
# Java VM: Java HotSpot(TM) Server VM (25.66-b17 mixed mode linux-x86 )
Heap:
 PSYoungGen      total 34304K, used 2552K [0x92780000, 0x94b80000, 0xa7000000)
  eden space 31744K, 0% used [0x92780000,0x92780000,0x94680000)
  from space 2560K, 99% used [0x94680000,0x948fe070,0x94900000)
  to   space 2560K, 0% used [0x94900000,0x94900000,0x94b80000)
 ParOldGen       total 42496K, used 4703K [0x69600000, 0x6bf80000, 0x92780000)
  object space 42496K, 11% used [0x69600000,0x69a97c90,0x6bf80000)
 Metaspace       used 2369K, capacity 2624K, committed 2712K, reserved 4400K
GC Heap History (5 events):
Event: 1.164 GC heap before
{Heap before GC invocations=1 (full 0):
 PSYoungGen      total 18432K, used 15872K [0x92780000, 0x93c00000, 0xa7000000)
  eden space 15872K, 100% used [0x92780000,0x93700000,0x93700000)
  from space 2560K, 0% used [0x93980000,0x93980000,0x93c00000)
  to   space 2560K, 0% used [0x93700000,0x93700000,0x93980000)
 ParOldGen       total 42496K, used 0K [0x69600000, 0x6bf80000, 0x92780000)
  object space 42496K, 0% used [0x69600000,0x69600000,0x6bf80000)
 Metaspace       used 2305K, capacity 2592K, committed 2712K, reserved 4400K
Event: 1.184 GC heap after
Heap after GC invocations=1 (full 0):
 PSYoungGen      total 18432K, used 2544K [0x92780000, 0x94b80000, 0xa7000000)
  eden space 15872K, 0% used [0x92780000,0x92780000,0x93700000)
  from space 2560K, 99% used [0x93700000,0x9397c250,0x93980000)
  to   space 2560K, 0% used [0x94900000,0x94900000,0x94b80000)
 ParOldGen       total 42496K, used 287K [0x69600000, 0x6bf80000, 0x92780000)
  object space 42496K, 0% used [0x69600000,0x69647f98,0x6bf80000)
 Metaspace       used 2305K, capacity 2592K, committed 2712K, reserved 4400K
}
Event: 1.276 GC heap before
{Heap before GC invocations=2 (full 0):
 PSYoungGen      total 18432K, used 18416K [0x92780000, 0x94b80000, 0xa7000000)
  eden space 15872K, 100% used [0x92780000,0x93700000,0x93700000)
  from space 2560K, 99% used [0x93700000,0x9397c250,0x93980000)
  to   space 2560K, 0% used [0x94900000,0x94900000,0x94b80000)
 ParOldGen       total 42496K, used 287K [0x69600000, 0x6bf80000, 0x92780000)
  object space 42496K, 0% used [0x69600000,0x69647f98,0x6bf80000)
 Metaspace       used 2341K, capacity 2592K, committed 2712K, reserved 4400K
Event: 1.283 GC heap after
Heap after GC invocations=2 (full 0):
 PSYoungGen      total 34304K, used 2558K [0x92780000, 0x94b80000, 0xa7000000)
  eden space 31744K, 0% used [0x92780000,0x92780000,0x94680000)
  from space 2560K, 99% used [0x94900000,0x94b7fac0,0x94b80000)
  to   space 2560K, 0% used [0x94680000,0x94680000,0x94900000)
 ParOldGen       total 42496K, used 695K [0x69600000, 0x6bf80000, 0x92780000)
  object space 42496K, 1% used [0x69600000,0x696adf60,0x6bf80000)
 Metaspace       used 2341K, capacity 2592K, committed 2712K, reserved 4400K
}
Event: 1.467 GC heap before
{Heap before GC invocations=3 (full 0):
 PSYoungGen      total 34304K, used 34302K [0x92780000, 0x94b80000, 0xa7000000)
  eden space 31744K, 100% used [0x92780000,0x94680000,0x94680000)
  from space 2560K, 99% used [0x94900000,0x94b7fac0,0x94b80000)
  to   space 2560K, 0% used [0x94680000,0x94680000,0x94900000)
 ParOldGen       total 42496K, used 695K [0x69600000, 0x6bf80000, 0x92780000)
  object space 42496K, 1% used [0x69600000,0x696adf60,0x6bf80000)
 Metaspace       used 2369K, capacity 2624K, committed 2712K, reserved 4400K

