# JRE version: Java(TM) SE Runtime Environment (8.0_66-b17) (build 1.8.0_66-b17)
# Java VM: Java HotSpot(TM) Server VM (25.66-b17 mixed mode linux-x86 )
Heap:
 PSYoungGen      total 270848K, used 31562K [0x91ac0000, 0xa7000000, 0xa7000000)
  eden space 226560K, 0% used [0x91ac0000,0x91ac0000,0x9f800000)
  from space 44288K, 71% used [0xa44c0000,0xa63929f0,0xa7000000)
  to   space 61440K, 0% used [0x9f800000,0x9f800000,0xa3400000)
 ParOldGen       total 146176K, used 146108K [0x67000000, 0x6fec0000, 0x91ac0000)
  object space 146176K, 99% used [0x67000000,0x6feaf0f0,0x6fec0000)
 Metaspace       used 4294K, capacity 4326K, committed 4376K, reserved 4400K
GC Heap History (10 events):
Event: 4.990 GC heap after
Heap after GC invocations=12 (full 1):
 PSYoungGen      total 219392K, used 23687K [0x91ac0000, 0xa4bc0000, 0xa7000000)
  eden space 187904K, 0% used [0x91ac0000,0x91ac0000,0x9d240000)
  from space 31488K, 75% used [0x9d240000,0x9e961e58,0x9f100000)
  to   space 34048K, 0% used [0xa2a80000,0xa2a80000,0xa4bc0000)
 ParOldGen       total 78848K, used 60759K [0x67000000, 0x6bd00000, 0x91ac0000)
  object space 78848K, 77% used [0x67000000,0x6ab55dd8,0x6bd00000)
 Metaspace       used 4262K, capacity 4294K, committed 4376K, reserved 4400K
}
Event: 5.780 GC heap before
{Heap before GC invocations=13 (full 1):
 PSYoungGen      total 219392K, used 211591K [0x91ac0000, 0xa4bc0000, 0xa7000000)
  eden space 187904K, 100% used [0x91ac0000,0x9d240000,0x9d240000)
  from space 31488K, 75% used [0x9d240000,0x9e961e58,0x9f100000)
  to   space 34048K, 0% used [0xa2a80000,0xa2a80000,0xa4bc0000)
 ParOldGen       total 78848K, used 60759K [0x67000000, 0x6bd00000, 0x91ac0000)
  object space 78848K, 77% used [0x67000000,0x6ab55dd8,0x6bd00000)
 Metaspace       used 4282K, capacity 4294K, committed 4376K, reserved 4400K
Event: 5.874 GC heap after
Heap after GC invocations=13 (full 1):
 PSYoungGen      total 274176K, used 29286K [0x91ac0000, 0xa5580000, 0xa7000000)
  eden space 240128K, 0% used [0x91ac0000,0x91ac0000,0xa0540000)
  from space 34048K, 86% used [0xa2a80000,0xa47198f0,0xa4bc0000)
  to   space 38144K, 0% used [0xa0540000,0xa0540000,0xa2a80000)
 ParOldGen       total 84224K, used 83653K [0x67000000, 0x6c240000, 0x91ac0000)
  object space 84224K, 99% used [0x67000000,0x6c1b1410,0x6c240000)
 Metaspace       used 4282K, capacity 4294K, committed 4376K, reserved 4400K
}
Event: 5.874 GC heap before
{Heap before GC invocations=14 (full 2):
 PSYoungGen      total 274176K, used 29286K [0x91ac0000, 0xa5580000, 0xa7000000)
  eden space 240128K, 0% used [0x91ac0000,0x91ac0000,0xa0540000)
  from space 34048K, 86% used [0xa2a80000,0xa47198f0,0xa4bc0000)
  to   space 38144K, 0% used [0xa0540000,0xa0540000,0xa2a80000)
 ParOldGen       total 84224K, used 83653K [0x67000000, 0x6c240000, 0x91ac0000)
  object space 84224K, 99% used [0x67000000,0x6c1b1410,0x6c240000)
 Metaspace       used 4282K, capacity 4294K, committed 4376K, reserved 4400K
Event: 6.454 GC heap after
Heap after GC invocations=14 (full 2):
 PSYoungGen      total 274176K, used 26367K [0x91ac0000, 0xa5580000, 0xa7000000)
  eden space 240128K, 0% used [0x91ac0000,0x91ac0000,0xa0540000)
  from space 34048K, 77% used [0xa2a80000,0xa443fe08,0xa4bc0000)
  to   space 38144K, 0% used [0xa0540000,0xa0540000,0xa2a80000)
 ParOldGen       total 146176K, used 83999K [0x67000000, 0x6fec0000, 0x91ac0000)
  object space 146176K, 57% used [0x67000000,0x6c207fe8,0x6fec0000)
 Metaspace       used 4282K, capacity 4294K, committed 4376K, reserved 4400K
}
Event: 7.191 GC heap before
{Heap before GC invocations=15 (full 2):
 PSYoungGen      total 274176K, used 266495K [0x91ac0000, 0xa5580000, 0xa7000000)
  eden space 240128K, 100% used [0x91ac0000,0xa0540000,0xa0540000)
  from space 34048K, 77% used [0xa2a80000,0xa443fe08,0xa4bc0000)
  to   space 38144K, 0% used [0xa0540000,0xa0540000,0xa2a80000)
 ParOldGen       total 146176K, used 83999K [0x67000000, 0x6fec0000, 0x91ac0000)
  object space 146176K, 57% used [0x67000000,0x6c207fe8,0x6fec0000)
 Metaspace       used 4290K, capacity 4326K, committed 4376K, reserved 4400K
Event: 7.310 GC heap after
Heap after GC invocations=15 (full 2):
 PSYoungGen      total 278272K, used 37420K [0x91ac0000, 0xa7000000, 0xa7000000)
  eden space 240128K, 0% used [0x91ac0000,0x91ac0000,0xa0540000)
  from space 38144K, 98% used [0xa0540000,0xa29cb168,0xa2a80000)
  to   space 44288K, 0% used [0xa44c0000,0xa44c0000,0xa7000000)
 ParOldGen       total 146176K, used 109171K [0x67000000, 0x6fec0000, 0x91ac0000)
  object space 146176K, 74% used [0x67000000,0x6da9cc20,0x6fec0000)
 Metaspace       used 4290K, capacity 4326K, committed 4376K, reserved 4400K
}
Event: 8.042 GC heap before
{Heap before GC invocations=16 (full 2):
 PSYoungGen      total 278272K, used 277548K [0x91ac0000, 0xa7000000, 0xa7000000)
  eden space 240128K, 100% used [0x91ac0000,0xa0540000,0xa0540000)
  from space 38144K, 98% used [0xa0540000,0xa29cb168,0xa2a80000)
  to   space 44288K, 0% used [0xa44c0000,0xa44c0000,0xa7000000)
 ParOldGen       total 146176K, used 109171K [0x67000000, 0x6fec0000, 0x91ac0000)
  object space 146176K, 74% used [0x67000000,0x6da9cc20,0x6fec0000)
 Metaspace       used 4294K, capacity 4326K, committed 4376K, reserved 4400K
Event: 8.663 GC heap after
Heap after GC invocations=16 (full 2):
 PSYoungGen      total 270848K, used 44280K [0x91ac0000, 0xa7000000, 0xa7000000)
  eden space 226560K, 0% used [0x91ac0000,0x91ac0000,0x9f800000)
  from space 44288K, 99% used [0xa44c0000,0xa6ffe250,0xa7000000)
  to   space 61440K, 0% used [0x9f800000,0x9f800000,0xa3400000)
 ParOldGen       total 146176K, used 135206K [0x67000000, 0x6fec0000, 0x91ac0000)
  object space 146176K, 92% used [0x67000000,0x6f409800,0x6fec0000)
 Metaspace       used 4294K, capacity 4326K, committed 4376K, reserved 4400K
}
Event: 8.663 GC heap before
{Heap before GC invocations=17 (full 3):
 PSYoungGen      total 270848K, used 44280K [0x91ac0000, 0xa7000000, 0xa7000000)
  eden space 226560K, 0% used [0x91ac0000,0x91ac0000,0x9f800000)
  from space 44288K, 99% used [0xa44c0000,0xa6ffe250,0xa7000000)
  to   space 61440K, 0% used [0x9f800000,0x9f800000,0xa3400000)
 ParOldGen       total 146176K, used 135206K [0x67000000, 0x6fec0000, 0x91ac0000)
  object space 146176K, 92% used [0x67000000,0x6f409800,0x6fec0000)
 Metaspace       used 4294K, capacity 4326K, committed 4376K, reserved 4400K

