# JRE version: Java(TM) SE Runtime Environment (8.0_66-b17) (build 1.8.0_66-b17)
# Java VM: Java HotSpot(TM) Server VM (25.66-b17 mixed mode linux-x86 )
Heap:
 PSYoungGen      total 268544K, used 13509K [0x91ac0000, 0xa7000000, 0xa7000000)
  eden space 212736K, 0% used [0x91ac0000,0x91ac0000,0x9ea80000)
  from space 55808K, 24% used [0xa3980000,0xa46b1728,0xa7000000)
  to   space 68352K, 0% used [0x9ea80000,0x9ea80000,0xa2d40000)
 ParOldGen       total 227840K, used 227651K [0x67000000, 0x74e80000, 0x91ac0000)
  object space 227840K, 99% used [0x67000000,0x74e50d60,0x74e80000)
 Metaspace       used 4297K, capacity 4326K, committed 4376K, reserved 4400K
GC Heap History (10 events):
Event: 15.133 GC heap after
Heap after GC invocations=15 (full 2):
 PSYoungGen      total 276480K, used 38137K [0x91ac0000, 0xa7000000, 0xa7000000)
  eden space 238336K, 0% used [0x91ac0000,0x91ac0000,0xa0380000)
  from space 38144K, 99% used [0xa0380000,0xa28be508,0xa28c0000)
  to   space 53504K, 0% used [0xa3bc0000,0xa3bc0000,0xa7000000)
 ParOldGen       total 132608K, used 104547K [0x67000000, 0x6f180000, 0x91ac0000)
  object space 132608K, 78% used [0x67000000,0x6d618ed8,0x6f180000)
 Metaspace       used 4282K, capacity 4326K, committed 4376K, reserved 4400K
}
Event: 16.950 GC heap before
{Heap before GC invocations=16 (full 2):
 PSYoungGen      total 276480K, used 276473K [0x91ac0000, 0xa7000000, 0xa7000000)
  eden space 238336K, 100% used [0x91ac0000,0xa0380000,0xa0380000)
  from space 38144K, 99% used [0xa0380000,0xa28be508,0xa28c0000)
  to   space 53504K, 0% used [0xa3bc0000,0xa3bc0000,0xa7000000)
 ParOldGen       total 132608K, used 104547K [0x67000000, 0x6f180000, 0x91ac0000)
  object space 132608K, 78% used [0x67000000,0x6d618ed8,0x6f180000)
 Metaspace       used 4287K, capacity 4326K, committed 4376K, reserved 4400K
Event: 17.352 GC heap after
Heap after GC invocations=16 (full 2):
 PSYoungGen      total 291328K, used 34477K [0x91ac0000, 0xa7000000, 0xa7000000)
  eden space 237824K, 0% used [0x91ac0000,0x91ac0000,0xa0300000)
  from space 53504K, 64% used [0xa3bc0000,0xa5d6b798,0xa7000000)
  to   space 55808K, 0% used [0xa0300000,0xa0300000,0xa3980000)
 ParOldGen       total 143104K, used 142869K [0x67000000, 0x6fbc0000, 0x91ac0000)
  object space 143104K, 99% used [0x67000000,0x6fb85718,0x6fbc0000)
 Metaspace       used 4287K, capacity 4326K, committed 4376K, reserved 4400K
}
Event: 17.352 GC heap before
{Heap before GC invocations=17 (full 3):
 PSYoungGen      total 291328K, used 34477K [0x91ac0000, 0xa7000000, 0xa7000000)
  eden space 237824K, 0% used [0x91ac0000,0x91ac0000,0xa0300000)
  from space 53504K, 64% used [0xa3bc0000,0xa5d6b798,0xa7000000)
  to   space 55808K, 0% used [0xa0300000,0xa0300000,0xa3980000)
 ParOldGen       total 143104K, used 142869K [0x67000000, 0x6fbc0000, 0x91ac0000)
  object space 143104K, 99% used [0x67000000,0x6fb85718,0x6fbc0000)
 Metaspace       used 4287K, capacity 4326K, committed 4376K, reserved 4400K
Event: 18.977 GC heap after
Heap after GC invocations=17 (full 3):
 PSYoungGen      total 291328K, used 30044K [0x91ac0000, 0xa7000000, 0xa7000000)
  eden space 237824K, 0% used [0x91ac0000,0x91ac0000,0xa0300000)
  from space 53504K, 56% used [0xa3bc0000,0xa5917058,0xa7000000)
  to   space 55808K, 0% used [0xa0300000,0xa0300000,0xa3980000)
 ParOldGen       total 227840K, used 143087K [0x67000000, 0x74e80000, 0x91ac0000)
  object space 227840K, 62% used [0x67000000,0x6fbbbdd8,0x74e80000)
 Metaspace       used 4287K, capacity 4326K, committed 4376K, reserved 4400K
}
Event: 20.739 GC heap before
{Heap before GC invocations=18 (full 3):
 PSYoungGen      total 291328K, used 267868K [0x91ac0000, 0xa7000000, 0xa7000000)
  eden space 237824K, 100% used [0x91ac0000,0xa0300000,0xa0300000)
  from space 53504K, 56% used [0xa3bc0000,0xa5917058,0xa7000000)
  to   space 55808K, 0% used [0xa0300000,0xa0300000,0xa3980000)
 ParOldGen       total 227840K, used 143087K [0x67000000, 0x74e80000, 0x91ac0000)
  object space 227840K, 62% used [0x67000000,0x6fbbbdd8,0x74e80000)
 Metaspace       used 4295K, capacity 4326K, committed 4376K, reserved 4400K
Event: 21.128 GC heap after
Heap after GC invocations=18 (full 3):
 PSYoungGen      total 293632K, used 55801K [0x91ac0000, 0xa7000000, 0xa7000000)
  eden space 237824K, 0% used [0x91ac0000,0x91ac0000,0xa0300000)
  from space 55808K, 99% used [0xa0300000,0xa397e7b8,0xa3980000)
  to   space 55808K, 0% used [0xa3980000,0xa3980000,0xa7000000)
 ParOldGen       total 227840K, used 152884K [0x67000000, 0x74e80000, 0x91ac0000)
  object space 227840K, 67% used [0x67000000,0x7054d320,0x74e80000)
 Metaspace       used 4295K, capacity 4326K, committed 4376K, reserved 4400K
}
Event: 22.764 GC heap before
{Heap before GC invocations=19 (full 3):
 PSYoungGen      total 293632K, used 293625K [0x91ac0000, 0xa7000000, 0xa7000000)
  eden space 237824K, 100% used [0x91ac0000,0xa0300000,0xa0300000)
  from space 55808K, 99% used [0xa0300000,0xa397e7b8,0xa3980000)
  to   space 55808K, 0% used [0xa3980000,0xa3980000,0xa7000000)
 ParOldGen       total 227840K, used 152884K [0x67000000, 0x74e80000, 0x91ac0000)
  object space 227840K, 67% used [0x67000000,0x7054d320,0x74e80000)
 Metaspace       used 4297K, capacity 4326K, committed 4376K, reserved 4400K
Event: 23.156 GC heap after
Heap after GC invocations=19 (full 3):
 PSYoungGen      total 268544K, used 35206K [0x91ac0000, 0xa7000000, 0xa7000000)
  eden space 212736K, 0% used [0x91ac0000,0x91ac0000,0x9ea80000)
  from space 55808K, 63% used [0xa3980000,0xa5be1898,0xa7000000)
  to   space 68352K, 0% used [0x9ea80000,0x9ea80000,0xa2d40000)
 ParOldGen       total 227840K, used 209121K [0x67000000, 0x74e80000, 0x91ac0000)
  object space 227840K, 91% used [0x67000000,0x73c38728,0x74e80000)
 Metaspace       used 4297K, capacity 4326K, committed 4376K, reserved 4400K
}
Event: 23.156 GC heap before
{Heap before GC invocations=20 (full 4):
 PSYoungGen      total 268544K, used 35206K [0x91ac0000, 0xa7000000, 0xa7000000)
  eden space 212736K, 0% used [0x91ac0000,0x91ac0000,0x9ea80000)
  from space 55808K, 63% used [0xa3980000,0xa5be1898,0xa7000000)
  to   space 68352K, 0% used [0x9ea80000,0x9ea80000,0xa2d40000)
 ParOldGen       total 227840K, used 209121K [0x67000000, 0x74e80000, 0x91ac0000)
  object space 227840K, 91% used [0x67000000,0x73c38728,0x74e80000)
 Metaspace       used 4297K, capacity 4326K, committed 4376K, reserved 4400K

