# JRE version: Java(TM) SE Runtime Environment (8.0_66-b17) (build 1.8.0_66-b17)
# Java VM: Java HotSpot(TM) Server VM (25.66-b17 mixed mode linux-x86 )
Heap:
 PSYoungGen      total 140800K, used 16127K [0x91ac0000, 0x9b640000, 0xa7000000)
  eden space 124672K, 0% used [0x91ac0000,0x91ac0000,0x99480000)
  from space 16128K, 99% used [0x99480000,0x9a43ffe0,0x9a440000)
  to   space 13824K, 0% used [0x9a440000,0x9a440000,0x9b1c0000)
 ParOldGen       total 42496K, used 31104K [0x67000000, 0x69980000, 0x91ac0000)
  object space 42496K, 73% used [0x67000000,0x68e60130,0x69980000)
 Metaspace       used 4149K, capacity 4166K, committed 4248K, reserved 4400K
GC Heap History (10 events):
Event: 0.321 GC heap after
Heap after GC invocations=2 (full 0):
 PSYoungGen      total 34304K, used 1072K [0x91ac0000, 0x93ec0000, 0xa7000000)
  eden space 31744K, 0% used [0x91ac0000,0x91ac0000,0x939c0000)
  from space 2560K, 41% used [0x93c40000,0x93d4c170,0x93ec0000)
  to   space 2560K, 0% used [0x939c0000,0x939c0000,0x93c40000)
 ParOldGen       total 42496K, used 8K [0x67000000, 0x69980000, 0x91ac0000)
  object space 42496K, 0% used [0x67000000,0x67002000,0x69980000)
 Metaspace       used 2190K, capacity 2366K, committed 2456K, reserved 4400K
}
Event: 0.921 GC heap before
{Heap before GC invocations=3 (full 0):
 PSYoungGen      total 34304K, used 32816K [0x91ac0000, 0x93ec0000, 0xa7000000)
  eden space 31744K, 100% used [0x91ac0000,0x939c0000,0x939c0000)
  from space 2560K, 41% used [0x93c40000,0x93d4c170,0x93ec0000)
  to   space 2560K, 0% used [0x939c0000,0x939c0000,0x93c40000)
 ParOldGen       total 42496K, used 8K [0x67000000, 0x69980000, 0x91ac0000)
  object space 42496K, 0% used [0x67000000,0x67002000,0x69980000)
 Metaspace       used 3802K, capacity 3814K, committed 3864K, reserved 4400K
Event: 0.930 GC heap after
Heap after GC invocations=3 (full 0):
 PSYoungGen      total 34304K, used 2546K [0x91ac0000, 0x95dc0000, 0xa7000000)
  eden space 31744K, 0% used [0x91ac0000,0x91ac0000,0x939c0000)
  from space 2560K, 99% used [0x939c0000,0x93c3cbf0,0x93c40000)
  to   space 2560K, 0% used [0x95b40000,0x95b40000,0x95dc0000)
 ParOldGen       total 42496K, used 2873K [0x67000000, 0x69980000, 0x91ac0000)
  object space 42496K, 6% used [0x67000000,0x672ce750,0x69980000)
 Metaspace       used 3802K, capacity 3814K, committed 3864K, reserved 4400K
}
Event: 1.303 GC heap before
{Heap before GC invocations=4 (full 0):
 PSYoungGen      total 34304K, used 34290K [0x91ac0000, 0x95dc0000, 0xa7000000)
  eden space 31744K, 100% used [0x91ac0000,0x939c0000,0x939c0000)
  from space 2560K, 99% used [0x939c0000,0x93c3cbf0,0x93c40000)
  to   space 2560K, 0% used [0x95b40000,0x95b40000,0x95dc0000)
 ParOldGen       total 42496K, used 2873K [0x67000000, 0x69980000, 0x91ac0000)
  object space 42496K, 6% used [0x67000000,0x672ce750,0x69980000)
 Metaspace       used 3871K, capacity 3910K, committed 3992K, reserved 4400K
Event: 1.316 GC heap after
Heap after GC invocations=4 (full 0):
 PSYoungGen      total 66048K, used 2558K [0x91ac0000, 0x95dc0000, 0xa7000000)
  eden space 63488K, 0% used [0x91ac0000,0x91ac0000,0x958c0000)
  from space 2560K, 99% used [0x95b40000,0x95dbf8d8,0x95dc0000)
  to   space 2560K, 0% used [0x958c0000,0x958c0000,0x95b40000)
 ParOldGen       total 42496K, used 7721K [0x67000000, 0x69980000, 0x91ac0000)
  object space 42496K, 18% used [0x67000000,0x6778a628,0x69980000)
 Metaspace       used 3871K, capacity 3910K, committed 3992K, reserved 4400K
}
Event: 1.675 GC heap before
{Heap before GC invocations=5 (full 0):
 PSYoungGen      total 66048K, used 66046K [0x91ac0000, 0x95dc0000, 0xa7000000)
  eden space 63488K, 100% used [0x91ac0000,0x958c0000,0x958c0000)
  from space 2560K, 99% used [0x95b40000,0x95dbf8d8,0x95dc0000)
  to   space 2560K, 0% used [0x958c0000,0x958c0000,0x95b40000)
 ParOldGen       total 42496K, used 7721K [0x67000000, 0x69980000, 0x91ac0000)
  object space 42496K, 18% used [0x67000000,0x6778a628,0x69980000)
 Metaspace       used 3904K, capacity 3942K, committed 3992K, reserved 4400K
Event: 1.701 GC heap after
Heap after GC invocations=5 (full 0):
 PSYoungGen      total 66048K, used 2555K [0x91ac0000, 0x9b1c0000, 0xa7000000)
  eden space 63488K, 0% used [0x91ac0000,0x91ac0000,0x958c0000)
  from space 2560K, 99% used [0x958c0000,0x95b3ee68,0x95b40000)
  to   space 13824K, 0% used [0x9a440000,0x9a440000,0x9b1c0000)
 ParOldGen       total 42496K, used 17666K [0x67000000, 0x69980000, 0x91ac0000)
  object space 42496K, 41% used [0x67000000,0x68140938,0x69980000)
 Metaspace       used 3904K, capacity 3942K, committed 3992K, reserved 4400K
}
Event: 2.057 GC heap before
{Heap before GC invocations=6 (full 0):
 PSYoungGen      total 66048K, used 66043K [0x91ac0000, 0x9b1c0000, 0xa7000000)
  eden space 63488K, 100% used [0x91ac0000,0x958c0000,0x958c0000)
  from space 2560K, 99% used [0x958c0000,0x95b3ee68,0x95b40000)
  to   space 13824K, 0% used [0x9a440000,0x9a440000,0x9b1c0000)
 ParOldGen       total 42496K, used 17666K [0x67000000, 0x69980000, 0x91ac0000)
  object space 42496K, 41% used [0x67000000,0x68140938,0x69980000)
 Metaspace       used 3982K, capacity 4006K, committed 4120K, reserved 4400K
Event: 2.081 GC heap after
Heap after GC invocations=6 (full 0):
 PSYoungGen      total 138496K, used 12190K [0x91ac0000, 0x9b640000, 0xa7000000)
  eden space 124672K, 0% used [0x91ac0000,0x91ac0000,0x99480000)
  from space 13824K, 88% used [0x9a440000,0x9b0279a8,0x9b1c0000)
  to   space 16128K, 0% used [0x99480000,0x99480000,0x9a440000)
 ParOldGen       total 42496K, used 17666K [0x67000000, 0x69980000, 0x91ac0000)
  object space 42496K, 41% used [0x67000000,0x68140938,0x69980000)
 Metaspace       used 3982K, capacity 4006K, committed 4120K, reserved 4400K
}
Event: 2.864 GC heap before
{Heap before GC invocations=7 (full 0):
 PSYoungGen      total 138496K, used 136862K [0x91ac0000, 0x9b640000, 0xa7000000)
  eden space 124672K, 100% used [0x91ac0000,0x99480000,0x99480000)
  from space 13824K, 88% used [0x9a440000,0x9b0279a8,0x9b1c0000)
  to   space 16128K, 0% used [0x99480000,0x99480000,0x9a440000)
 ParOldGen       total 42496K, used 17666K [0x67000000, 0x69980000, 0x91ac0000)
  object space 42496K, 41% used [0x67000000,0x68140938,0x69980000)
 Metaspace       used 4149K, capacity 4166K, committed 4248K, reserved 4400K

