# JRE version: Java(TM) SE Runtime Environment (8.0_66-b17) (build 1.8.0_66-b17)
# Java VM: Java HotSpot(TM) Server VM (25.66-b17 mixed mode linux-x86 )
Heap:
 PSYoungGen      total 210176K, used 22258K [0x91ac0000, 0xa0000000, 0xa7000000)
  eden space 187904K, 0% used [0x91ac0000,0x91ac0000,0x9d240000)
  from space 22272K, 99% used [0x9d240000,0x9e7fcaa8,0x9e800000)
  to   space 19968K, 0% used [0x9e800000,0x9e800000,0x9fb80000)
 ParOldGen       total 71936K, used 51411K [0x67000000, 0x6b640000, 0x91ac0000)
  object space 71936K, 71% used [0x67000000,0x6a234d90,0x6b640000)
 Metaspace       used 4209K, capacity 4230K, committed 4248K, reserved 4400K
GC Heap History (10 events):
Event: 2.707 GC heap after
Heap after GC invocations=7 (full 0):
 PSYoungGen      total 71424K, used 9723K [0x91ac0000, 0x9b0c0000, 0xa7000000)
  eden space 61696K, 0% used [0x91ac0000,0x91ac0000,0x95700000)
  from space 9728K, 99% used [0x95700000,0x9607ee38,0x96080000)
  to   space 15104K, 0% used [0x9a200000,0x9a200000,0x9b0c0000)
 ParOldGen       total 42496K, used 13877K [0x67000000, 0x69980000, 0x91ac0000)
  object space 42496K, 32% used [0x67000000,0x67d8d718,0x69980000)
 Metaspace       used 3931K, capacity 3974K, committed 3992K, reserved 4400K
}
Event: 3.008 GC heap before
{Heap before GC invocations=8 (full 0):
 PSYoungGen      total 71424K, used 71419K [0x91ac0000, 0x9b0c0000, 0xa7000000)
  eden space 61696K, 100% used [0x91ac0000,0x95700000,0x95700000)
  from space 9728K, 99% used [0x95700000,0x9607ee38,0x96080000)
  to   space 15104K, 0% used [0x9a200000,0x9a200000,0x9b0c0000)
 ParOldGen       total 42496K, used 14181K [0x67000000, 0x69980000, 0x91ac0000)
  object space 42496K, 33% used [0x67000000,0x67dd9700,0x69980000)
 Metaspace       used 3959K, capacity 4006K, committed 4120K, reserved 4400K
Event: 3.041 GC heap after
Heap after GC invocations=8 (full 0):
 PSYoungGen      total 133888K, used 15096K [0x91ac0000, 0x9b9c0000, 0xa7000000)
  eden space 118784K, 0% used [0x91ac0000,0x91ac0000,0x98ec0000)
  from space 15104K, 99% used [0x9a200000,0x9b0be3c0,0x9b0c0000)
  to   space 19712K, 0% used [0x98ec0000,0x98ec0000,0x9a200000)
 ParOldGen       total 42496K, used 17824K [0x67000000, 0x69980000, 0x91ac0000)
  object space 42496K, 41% used [0x67000000,0x68168110,0x69980000)
 Metaspace       used 3959K, capacity 4006K, committed 4120K, reserved 4400K
}
Event: 3.048 GC heap before
{Heap before GC invocations=9 (full 0):
 PSYoungGen      total 133888K, used 17095K [0x91ac0000, 0x9b9c0000, 0xa7000000)
  eden space 118784K, 1% used [0x91ac0000,0x91cb3970,0x98ec0000)
  from space 15104K, 99% used [0x9a200000,0x9b0be3c0,0x9b0c0000)
  to   space 19712K, 0% used [0x98ec0000,0x98ec0000,0x9a200000)
 ParOldGen       total 42496K, used 17824K [0x67000000, 0x69980000, 0x91ac0000)
  object space 42496K, 41% used [0x67000000,0x68168110,0x69980000)
 Metaspace       used 3970K, capacity 4006K, committed 4120K, reserved 4400K
Event: 3.080 GC heap after
Heap after GC invocations=9 (full 0):
 PSYoungGen      total 138496K, used 11227K [0x91ac0000, 0x9fb80000, 0xa7000000)
  eden space 118784K, 0% used [0x91ac0000,0x91ac0000,0x98ec0000)
  from space 19712K, 56% used [0x98ec0000,0x999b6ca0,0x9a200000)
  to   space 19968K, 0% used [0x9e800000,0x9e800000,0x9fb80000)
 ParOldGen       total 42496K, used 21853K [0x67000000, 0x69980000, 0x91ac0000)
  object space 42496K, 51% used [0x67000000,0x68557708,0x69980000)
 Metaspace       used 3970K, capacity 4006K, committed 4120K, reserved 4400K
}
Event: 3.632 GC heap before
{Heap before GC invocations=10 (full 0):
 PSYoungGen      total 138496K, used 130011K [0x91ac0000, 0x9fb80000, 0xa7000000)
  eden space 118784K, 100% used [0x91ac0000,0x98ec0000,0x98ec0000)
  from space 19712K, 56% used [0x98ec0000,0x999b6ca0,0x9a200000)
  to   space 19968K, 0% used [0x9e800000,0x9e800000,0x9fb80000)
 ParOldGen       total 42496K, used 21853K [0x67000000, 0x69980000, 0x91ac0000)
  object space 42496K, 51% used [0x67000000,0x68557708,0x69980000)
 Metaspace       used 4144K, capacity 4166K, committed 4248K, reserved 4400K
Event: 3.793 GC heap after
Heap after GC invocations=10 (full 0):
 PSYoungGen      total 207872K, used 17410K [0x91ac0000, 0xa0000000, 0xa7000000)
  eden space 187904K, 0% used [0x91ac0000,0x91ac0000,0x9d240000)
  from space 19968K, 87% used [0x9e800000,0x9f900980,0x9fb80000)
  to   space 22272K, 0% used [0x9d240000,0x9d240000,0x9e800000)
 ParOldGen       total 42496K, used 32860K [0x67000000, 0x69980000, 0x91ac0000)
  object space 42496K, 77% used [0x67000000,0x690170d8,0x69980000)
 Metaspace       used 4144K, capacity 4166K, committed 4248K, reserved 4400K
}
Event: 3.793 GC heap before
{Heap before GC invocations=11 (full 1):
 PSYoungGen      total 207872K, used 17410K [0x91ac0000, 0xa0000000, 0xa7000000)
  eden space 187904K, 0% used [0x91ac0000,0x91ac0000,0x9d240000)
  from space 19968K, 87% used [0x9e800000,0x9f900980,0x9fb80000)
  to   space 22272K, 0% used [0x9d240000,0x9d240000,0x9e800000)
 ParOldGen       total 42496K, used 32860K [0x67000000, 0x69980000, 0x91ac0000)
  object space 42496K, 77% used [0x67000000,0x690170d8,0x69980000)
 Metaspace       used 4144K, capacity 4166K, committed 4248K, reserved 4400K
Event: 4.099 GC heap after
Heap after GC invocations=11 (full 1):
 PSYoungGen      total 207872K, used 4249K [0x91ac0000, 0xa0000000, 0xa7000000)
  eden space 187904K, 0% used [0x91ac0000,0x91ac0000,0x9d240000)
  from space 19968K, 21% used [0x9e800000,0x9ec264d0,0x9fb80000)
  to   space 22272K, 0% used [0x9d240000,0x9d240000,0x9e800000)
 ParOldGen       total 71936K, used 42413K [0x67000000, 0x6b640000, 0x91ac0000)
  object space 71936K, 58% used [0x67000000,0x6996b7a8,0x6b640000)
 Metaspace       used 4144K, capacity 4166K, committed 4248K, reserved 4400K
}
Event: 4.757 GC heap before
{Heap before GC invocations=12 (full 1):
 PSYoungGen      total 207872K, used 192153K [0x91ac0000, 0xa0000000, 0xa7000000)
  eden space 187904K, 100% used [0x91ac0000,0x9d240000,0x9d240000)
  from space 19968K, 21% used [0x9e800000,0x9ec264d0,0x9fb80000)
  to   space 22272K, 0% used [0x9d240000,0x9d240000,0x9e800000)
 ParOldGen       total 71936K, used 42413K [0x67000000, 0x6b640000, 0x91ac0000)
  object space 71936K, 58% used [0x67000000,0x6996b7a8,0x6b640000)
 Metaspace       used 4209K, capacity 4230K, committed 4248K, reserved 4400K

