# JRE version: Java(TM) SE Runtime Environment (8.0_66-b17) (build 1.8.0_66-b17)
# Java VM: Java HotSpot(TM) Server VM (25.66-b17 mixed mode linux-x86 )
Heap:
 PSYoungGen      total 273152K, used 36856K [0x91ac0000, 0xa4980000, 0xa7000000)
  eden space 236288K, 0% used [0x91ac0000,0x91ac0000,0xa0180000)
  from space 36864K, 99% used [0xa2580000,0xa497e3a8,0xa4980000)
  to   space 27904K, 0% used [0xa02c0000,0xa02c0000,0xa1e00000)
 ParOldGen       total 81408K, used 79035K [0x67000000, 0x6bf80000, 0x91ac0000)
  object space 81408K, 97% used [0x67000000,0x6bd2ec88,0x6bf80000)
 Metaspace       used 4275K, capacity 4294K, committed 4376K, reserved 4400K
GC Heap History (10 events):
Event: 2.204 GC heap after
Heap after GC invocations=6 (full 0):
 PSYoungGen      total 138240K, used 12185K [0x91ac0000, 0x9b6c0000, 0xa7000000)
  eden space 124416K, 0% used [0x91ac0000,0x91ac0000,0x99440000)
  from space 13824K, 88% used [0x9a440000,0x9b026420,0x9b1c0000)
  to   space 16384K, 0% used [0x99440000,0x99440000,0x9a440000)
 ParOldGen       total 42496K, used 17733K [0x67000000, 0x69980000, 0x91ac0000)
  object space 42496K, 41% used [0x67000000,0x68151728,0x69980000)
 Metaspace       used 4031K, capacity 4070K, committed 4120K, reserved 4400K
}
Event: 2.729 GC heap before
{Heap before GC invocations=7 (full 0):
 PSYoungGen      total 138240K, used 136601K [0x91ac0000, 0x9b6c0000, 0xa7000000)
  eden space 124416K, 100% used [0x91ac0000,0x99440000,0x99440000)
  from space 13824K, 88% used [0x9a440000,0x9b026420,0x9b1c0000)
  to   space 16384K, 0% used [0x99440000,0x99440000,0x9a440000)
 ParOldGen       total 42496K, used 17733K [0x67000000, 0x69980000, 0x91ac0000)
  object space 42496K, 41% used [0x67000000,0x68151728,0x69980000)
 Metaspace       used 4151K, capacity 4166K, committed 4248K, reserved 4400K
Event: 2.811 GC heap after
Heap after GC invocations=7 (full 0):
 PSYoungGen      total 140800K, used 16378K [0x91ac0000, 0xa4140000, 0xa7000000)
  eden space 124416K, 0% used [0x91ac0000,0x91ac0000,0x99440000)
  from space 16384K, 99% used [0x99440000,0x9a43e8a8,0x9a440000)
  to   space 26368K, 0% used [0xa2780000,0xa2780000,0xa4140000)
 ParOldGen       total 42496K, used 30748K [0x67000000, 0x69980000, 0x91ac0000)
  object space 42496K, 72% used [0x67000000,0x68e073e8,0x69980000)
 Metaspace       used 4151K, capacity 4166K, committed 4248K, reserved 4400K
}
Event: 2.811 GC heap before
{Heap before GC invocations=8 (full 1):
 PSYoungGen      total 140800K, used 16378K [0x91ac0000, 0xa4140000, 0xa7000000)
  eden space 124416K, 0% used [0x91ac0000,0x91ac0000,0x99440000)
  from space 16384K, 99% used [0x99440000,0x9a43e8a8,0x9a440000)
  to   space 26368K, 0% used [0xa2780000,0xa2780000,0xa4140000)
 ParOldGen       total 42496K, used 30748K [0x67000000, 0x69980000, 0x91ac0000)
  object space 42496K, 72% used [0x67000000,0x68e073e8,0x69980000)
 Metaspace       used 4151K, capacity 4166K, committed 4248K, reserved 4400K
Event: 3.067 GC heap after
Heap after GC invocations=8 (full 1):
 PSYoungGen      total 140800K, used 1006K [0x91ac0000, 0xa4140000, 0xa7000000)
  eden space 124416K, 0% used [0x91ac0000,0x91ac0000,0x99440000)
  from space 16384K, 6% used [0x99440000,0x9953b8c8,0x9a440000)
  to   space 26368K, 0% used [0xa2780000,0xa2780000,0xa4140000)
 ParOldGen       total 81408K, used 42243K [0x67000000, 0x6bf80000, 0x91ac0000)
  object space 81408K, 51% used [0x67000000,0x69940f38,0x6bf80000)
 Metaspace       used 4151K, capacity 4166K, committed 4248K, reserved 4400K
}
Event: 3.521 GC heap before
{Heap before GC invocations=9 (full 1):
 PSYoungGen      total 140800K, used 125422K [0x91ac0000, 0xa4140000, 0xa7000000)
  eden space 124416K, 100% used [0x91ac0000,0x99440000,0x99440000)
  from space 16384K, 6% used [0x99440000,0x9953b8c8,0x9a440000)
  to   space 26368K, 0% used [0xa2780000,0xa2780000,0xa4140000)
 ParOldGen       total 81408K, used 42243K [0x67000000, 0x6bf80000, 0x91ac0000)
  object space 81408K, 51% used [0x67000000,0x69940f38,0x6bf80000)
 Metaspace       used 4193K, capacity 4230K, committed 4248K, reserved 4400K
Event: 3.579 GC heap after
Heap after GC invocations=9 (full 1):
 PSYoungGen      total 197376K, used 18009K [0x91ac0000, 0xa3940000, 0xa7000000)
  eden space 179200K, 0% used [0x91ac0000,0x91ac0000,0x9c9c0000)
  from space 18176K, 99% used [0xa2780000,0xa3916420,0xa3940000)
  to   space 27904K, 0% used [0xa02c0000,0xa02c0000,0xa1e00000)
 ParOldGen       total 81408K, used 42247K [0x67000000, 0x6bf80000, 0x91ac0000)
  object space 81408K, 51% used [0x67000000,0x69941f38,0x6bf80000)
 Metaspace       used 4193K, capacity 4230K, committed 4248K, reserved 4400K
}
Event: 4.098 GC heap before
{Heap before GC invocations=10 (full 1):
 PSYoungGen      total 197376K, used 197209K [0x91ac0000, 0xa3940000, 0xa7000000)
  eden space 179200K, 100% used [0x91ac0000,0x9c9c0000,0x9c9c0000)
  from space 18176K, 99% used [0xa2780000,0xa3916420,0xa3940000)
  to   space 27904K, 0% used [0xa02c0000,0xa02c0000,0xa1e00000)
 ParOldGen       total 81408K, used 42247K [0x67000000, 0x6bf80000, 0x91ac0000)
  object space 81408K, 51% used [0x67000000,0x69941f38,0x6bf80000)
 Metaspace       used 4239K, capacity 4262K, committed 4376K, reserved 4400K
Event: 4.211 GC heap after
Heap after GC invocations=10 (full 1):
 PSYoungGen      total 264192K, used 27894K [0x91ac0000, 0xa4980000, 0xa7000000)
  eden space 236288K, 0% used [0x91ac0000,0x91ac0000,0xa0180000)
  from space 27904K, 99% used [0xa02c0000,0xa1dfda28,0xa1e00000)
  to   space 36864K, 0% used [0xa2580000,0xa2580000,0xa4980000)
 ParOldGen       total 81408K, used 52039K [0x67000000, 0x6bf80000, 0x91ac0000)
  object space 81408K, 63% used [0x67000000,0x6a2d1d68,0x6bf80000)
 Metaspace       used 4239K, capacity 4262K, committed 4376K, reserved 4400K
}
Event: 5.208 GC heap before
{Heap before GC invocations=11 (full 1):
 PSYoungGen      total 264192K, used 264182K [0x91ac0000, 0xa4980000, 0xa7000000)
  eden space 236288K, 100% used [0x91ac0000,0xa0180000,0xa0180000)
  from space 27904K, 99% used [0xa02c0000,0xa1dfda28,0xa1e00000)
  to   space 36864K, 0% used [0xa2580000,0xa2580000,0xa4980000)
 ParOldGen       total 81408K, used 52039K [0x67000000, 0x6bf80000, 0x91ac0000)
  object space 81408K, 63% used [0x67000000,0x6a2d1d68,0x6bf80000)
 Metaspace       used 4275K, capacity 4294K, committed 4376K, reserved 4400K

