# JRE version: Java(TM) SE Runtime Environment (8.0_66-b17) (build 1.8.0_66-b17)
# Java VM: Java HotSpot(TM) Server VM (25.66-b17 mixed mode linux-x86 )
Heap:
 PSYoungGen      total 273920K, used 24551K [0x91ac0000, 0xa51c0000, 0xa7000000)
  eden space 239104K, 0% used [0x91ac0000,0x91ac0000,0xa0440000)
  from space 34816K, 70% used [0xa29c0000,0xa41b9fa0,0xa4bc0000)
  to   space 38400K, 0% used [0xa0440000,0xa0440000,0xa29c0000)
 ParOldGen       total 82176K, used 82022K [0x67000000, 0x6c040000, 0x91ac0000)
  object space 82176K, 99% used [0x67000000,0x6c019b10,0x6c040000)
 Metaspace       used 4287K, capacity 4294K, committed 4376K, reserved 4400K
GC Heap History (10 events):
Event: 2.918 GC heap after
Heap after GC invocations=9 (full 0):
 PSYoungGen      total 138752K, used 19708K [0x91ac0000, 0xa0c40000, 0xa7000000)
  eden space 119040K, 0% used [0x91ac0000,0x91ac0000,0x98f00000)
  from space 19712K, 99% used [0x98f00000,0x9a23f1c0,0x9a240000)
  to   space 28416K, 0% used [0x9f080000,0x9f080000,0xa0c40000)
 ParOldGen       total 42496K, used 30350K [0x67000000, 0x69980000, 0x91ac0000)
  object space 42496K, 71% used [0x67000000,0x68da3980,0x69980000)
 Metaspace       used 4145K, capacity 4166K, committed 4248K, reserved 4400K
}
Event: 3.342 GC heap before
{Heap before GC invocations=10 (full 0):
 PSYoungGen      total 138752K, used 138748K [0x91ac0000, 0xa0c40000, 0xa7000000)
  eden space 119040K, 100% used [0x91ac0000,0x98f00000,0x98f00000)
  from space 19712K, 99% used [0x98f00000,0x9a23f1c0,0x9a240000)
  to   space 28416K, 0% used [0x9f080000,0x9f080000,0xa0c40000)
 ParOldGen       total 42496K, used 30350K [0x67000000, 0x69980000, 0x91ac0000)
  object space 42496K, 71% used [0x67000000,0x68da3980,0x69980000)
 Metaspace       used 4209K, capacity 4230K, committed 4248K, reserved 4400K
Event: 3.420 GC heap after
Heap after GC invocations=10 (full 0):
 PSYoungGen      total 214016K, used 28386K [0x91ac0000, 0xa15c0000, 0xa7000000)
  eden space 185600K, 0% used [0x91ac0000,0x91ac0000,0x9d000000)
  from space 28416K, 99% used [0x9f080000,0xa0c38bf8,0xa0c40000)
  to   space 33280K, 0% used [0x9d000000,0x9d000000,0x9f080000)
 ParOldGen       total 42496K, used 37438K [0x67000000, 0x69980000, 0x91ac0000)
  object space 42496K, 88% used [0x67000000,0x6948f8d0,0x69980000)
 Metaspace       used 4209K, capacity 4230K, committed 4248K, reserved 4400K
}
Event: 3.420 GC heap before
{Heap before GC invocations=11 (full 1):
 PSYoungGen      total 214016K, used 28386K [0x91ac0000, 0xa15c0000, 0xa7000000)
  eden space 185600K, 0% used [0x91ac0000,0x91ac0000,0x9d000000)
  from space 28416K, 99% used [0x9f080000,0xa0c38bf8,0xa0c40000)
  to   space 33280K, 0% used [0x9d000000,0x9d000000,0x9f080000)
 ParOldGen       total 42496K, used 37438K [0x67000000, 0x69980000, 0x91ac0000)
  object space 42496K, 88% used [0x67000000,0x6948f8d0,0x69980000)
 Metaspace       used 4209K, capacity 4230K, committed 4248K, reserved 4400K
Event: 3.806 GC heap after
Heap after GC invocations=11 (full 1):
 PSYoungGen      total 214016K, used 18243K [0x91ac0000, 0xa15c0000, 0xa7000000)
  eden space 185600K, 0% used [0x91ac0000,0x91ac0000,0x9d000000)
  from space 28416K, 64% used [0x9f080000,0xa0250cb8,0xa0c40000)
  to   space 33280K, 0% used [0x9d000000,0x9d000000,0x9f080000)
 ParOldGen       total 77824K, used 42489K [0x67000000, 0x6bc00000, 0x91ac0000)
  object space 77824K, 54% used [0x67000000,0x6997e578,0x6bc00000)
 Metaspace       used 4209K, capacity 4230K, committed 4248K, reserved 4400K
}
Event: 4.461 GC heap before
{Heap before GC invocations=12 (full 1):
 PSYoungGen      total 214016K, used 203843K [0x91ac0000, 0xa15c0000, 0xa7000000)
  eden space 185600K, 100% used [0x91ac0000,0x9d000000,0x9d000000)
  from space 28416K, 64% used [0x9f080000,0xa0250cb8,0xa0c40000)
  to   space 33280K, 0% used [0x9d000000,0x9d000000,0x9f080000)
 ParOldGen       total 77824K, used 42489K [0x67000000, 0x6bc00000, 0x91ac0000)
  object space 77824K, 54% used [0x67000000,0x6997e578,0x6bc00000)
 Metaspace       used 4268K, capacity 4294K, committed 4376K, reserved 4400K
Event: 4.619 GC heap after
Heap after GC invocations=12 (full 1):
 PSYoungGen      total 218880K, used 21852K [0x91ac0000, 0xa4bc0000, 0xa7000000)
  eden space 185600K, 0% used [0x91ac0000,0x91ac0000,0x9d000000)
  from space 33280K, 65% used [0x9d000000,0x9e5573b8,0x9f080000)
  to   space 34816K, 0% used [0xa29c0000,0xa29c0000,0xa4bc0000)
 ParOldGen       total 77824K, used 60378K [0x67000000, 0x6bc00000, 0x91ac0000)
  object space 77824K, 77% used [0x67000000,0x6aaf69f0,0x6bc00000)
 Metaspace       used 4268K, capacity 4294K, committed 4376K, reserved 4400K
}
Event: 5.322 GC heap before
{Heap before GC invocations=13 (full 1):
 PSYoungGen      total 218880K, used 207452K [0x91ac0000, 0xa4bc0000, 0xa7000000)
  eden space 185600K, 100% used [0x91ac0000,0x9d000000,0x9d000000)
  from space 33280K, 65% used [0x9d000000,0x9e5573b8,0x9f080000)
  to   space 34816K, 0% used [0xa29c0000,0xa29c0000,0xa4bc0000)
 ParOldGen       total 77824K, used 60378K [0x67000000, 0x6bc00000, 0x91ac0000)
  object space 77824K, 77% used [0x67000000,0x6aaf69f0,0x6bc00000)
 Metaspace       used 4287K, capacity 4294K, committed 4376K, reserved 4400K
Event: 5.394 GC heap after
Heap after GC invocations=13 (full 1):
 PSYoungGen      total 273920K, used 28390K [0x91ac0000, 0xa51c0000, 0xa7000000)
  eden space 239104K, 0% used [0x91ac0000,0x91ac0000,0xa0440000)
  from space 34816K, 81% used [0xa29c0000,0xa4579950,0xa4bc0000)
  to   space 38400K, 0% used [0xa0440000,0xa0440000,0xa29c0000)
 ParOldGen       total 82176K, used 81396K [0x67000000, 0x6c040000, 0x91ac0000)
  object space 82176K, 99% used [0x67000000,0x6bf7d288,0x6c040000)
 Metaspace       used 4287K, capacity 4294K, committed 4376K, reserved 4400K
}
Event: 5.394 GC heap before
{Heap before GC invocations=14 (full 2):
 PSYoungGen      total 273920K, used 28390K [0x91ac0000, 0xa51c0000, 0xa7000000)
  eden space 239104K, 0% used [0x91ac0000,0x91ac0000,0xa0440000)
  from space 34816K, 81% used [0xa29c0000,0xa4579950,0xa4bc0000)
  to   space 38400K, 0% used [0xa0440000,0xa0440000,0xa29c0000)
 ParOldGen       total 82176K, used 81396K [0x67000000, 0x6c040000, 0x91ac0000)
  object space 82176K, 99% used [0x67000000,0x6bf7d288,0x6c040000)
 Metaspace       used 4287K, capacity 4294K, committed 4376K, reserved 4400K

