# JRE version: Java(TM) SE Runtime Environment (8.0_66-b17) (build 1.8.0_66-b17)
# Java VM: Java HotSpot(TM) Server VM (25.66-b17 mixed mode linux-x86 )
Heap:
 PSYoungGen      total 282880K, used 8864K [0x91ac0000, 0xa6f80000, 0xa7000000)
  eden space 219136K, 0% used [0x91ac0000,0x91ac0000,0x9f0c0000)
  from space 63744K, 13% used [0x9f0c0000,0x9f9683d8,0xa2f00000)
  to   space 62464K, 0% used [0xa3280000,0xa3280000,0xa6f80000)
 ParOldGen       total 222976K, used 222732K [0x67000000, 0x749c0000, 0x91ac0000)
  object space 222976K, 99% used [0x67000000,0x749830a0,0x749c0000)
 Metaspace       used 4292K, capacity 4326K, committed 4376K, reserved 4400K
GC Heap History (10 events):
Event: 6.888 GC heap after
Heap after GC invocations=14 (full 2):
 PSYoungGen      total 271616K, used 53756K [0x91ac0000, 0xa7000000, 0xa7000000)
  eden space 217856K, 0% used [0x91ac0000,0x91ac0000,0x9ef80000)
  from space 53760K, 99% used [0xa3b80000,0xa6fff180,0xa7000000)
  to   space 65792K, 0% used [0x9ef80000,0x9ef80000,0xa2fc0000)
 ParOldGen       total 135936K, used 89692K [0x67000000, 0x6f4c0000, 0x91ac0000)
  object space 135936K, 65% used [0x67000000,0x6c7973a8,0x6f4c0000)
 Metaspace       used 4282K, capacity 4294K, committed 4376K, reserved 4400K
}
Event: 7.620 GC heap before
{Heap before GC invocations=15 (full 2):
 PSYoungGen      total 271616K, used 271612K [0x91ac0000, 0xa7000000, 0xa7000000)
  eden space 217856K, 100% used [0x91ac0000,0x9ef80000,0x9ef80000)
  from space 53760K, 99% used [0xa3b80000,0xa6fff180,0xa7000000)
  to   space 65792K, 0% used [0x9ef80000,0x9ef80000,0xa2fc0000)
 ParOldGen       total 135936K, used 89692K [0x67000000, 0x6f4c0000, 0x91ac0000)
  object space 135936K, 65% used [0x67000000,0x6c7973a8,0x6f4c0000)
 Metaspace       used 4285K, capacity 4294K, committed 4376K, reserved 4400K
Event: 7.802 GC heap after
Heap after GC invocations=15 (full 2):
 PSYoungGen      total 283648K, used 31661K [0x91ac0000, 0xa7000000, 0xa7000000)
  eden space 217856K, 0% used [0x91ac0000,0x91ac0000,0x9ef80000)
  from space 65792K, 48% used [0x9ef80000,0xa0e6b680,0xa2fc0000)
  to   space 64512K, 0% used [0xa3100000,0xa3100000,0xa7000000)
 ParOldGen       total 143616K, used 143525K [0x67000000, 0x6fc40000, 0x91ac0000)
  object space 143616K, 99% used [0x67000000,0x6fc29740,0x6fc40000)
 Metaspace       used 4285K, capacity 4294K, committed 4376K, reserved 4400K
}
Event: 7.802 GC heap before
{Heap before GC invocations=16 (full 3):
 PSYoungGen      total 283648K, used 31661K [0x91ac0000, 0xa7000000, 0xa7000000)
  eden space 217856K, 0% used [0x91ac0000,0x91ac0000,0x9ef80000)
  from space 65792K, 48% used [0x9ef80000,0xa0e6b680,0xa2fc0000)
  to   space 64512K, 0% used [0xa3100000,0xa3100000,0xa7000000)
 ParOldGen       total 143616K, used 143525K [0x67000000, 0x6fc40000, 0x91ac0000)
  object space 143616K, 99% used [0x67000000,0x6fc29740,0x6fc40000)
 Metaspace       used 4285K, capacity 4294K, committed 4376K, reserved 4400K
Event: 8.604 GC heap after
Heap after GC invocations=16 (full 3):
 PSYoungGen      total 283648K, used 27044K [0x91ac0000, 0xa7000000, 0xa7000000)
  eden space 217856K, 0% used [0x91ac0000,0x91ac0000,0x9ef80000)
  from space 65792K, 41% used [0x9ef80000,0xa09e90f8,0xa2fc0000)
  to   space 64512K, 0% used [0xa3100000,0xa3100000,0xa7000000)
 ParOldGen       total 222976K, used 143488K [0x67000000, 0x749c0000, 0x91ac0000)
  object space 222976K, 64% used [0x67000000,0x6fc201a8,0x749c0000)
 Metaspace       used 4285K, capacity 4294K, committed 4376K, reserved 4400K
}
Event: 9.384 GC heap before
{Heap before GC invocations=17 (full 3):
 PSYoungGen      total 283648K, used 244900K [0x91ac0000, 0xa7000000, 0xa7000000)
  eden space 217856K, 100% used [0x91ac0000,0x9ef80000,0x9ef80000)
  from space 65792K, 41% used [0x9ef80000,0xa09e90f8,0xa2fc0000)
  to   space 64512K, 0% used [0xa3100000,0xa3100000,0xa7000000)
 ParOldGen       total 222976K, used 143488K [0x67000000, 0x749c0000, 0x91ac0000)
  object space 222976K, 64% used [0x67000000,0x6fc201a8,0x749c0000)
 Metaspace       used 4289K, capacity 4326K, committed 4376K, reserved 4400K
Event: 9.514 GC heap after
Heap after GC invocations=17 (full 3):
 PSYoungGen      total 280832K, used 32795K [0x91ac0000, 0xa6d40000, 0xa7000000)
  eden space 219136K, 0% used [0x91ac0000,0x91ac0000,0x9f0c0000)
  from space 61696K, 53% used [0xa3100000,0xa5106f98,0xa6d40000)
  to   space 63744K, 0% used [0x9f0c0000,0x9f0c0000,0xa2f00000)
 ParOldGen       total 222976K, used 169501K [0x67000000, 0x749c0000, 0x91ac0000)
  object space 222976K, 76% used [0x67000000,0x71587618,0x749c0000)
 Metaspace       used 4289K, capacity 4326K, committed 4376K, reserved 4400K
}
Event: 10.264 GC heap before
{Heap before GC invocations=18 (full 3):
 PSYoungGen      total 280832K, used 251931K [0x91ac0000, 0xa6d40000, 0xa7000000)
  eden space 219136K, 100% used [0x91ac0000,0x9f0c0000,0x9f0c0000)
  from space 61696K, 53% used [0xa3100000,0xa5106f98,0xa6d40000)
  to   space 63744K, 0% used [0x9f0c0000,0x9f0c0000,0xa2f00000)
 ParOldGen       total 222976K, used 169501K [0x67000000, 0x749c0000, 0x91ac0000)
  object space 222976K, 76% used [0x67000000,0x71587618,0x749c0000)
 Metaspace       used 4292K, capacity 4326K, committed 4376K, reserved 4400K
Event: 10.369 GC heap after
Heap after GC invocations=18 (full 3):
 PSYoungGen      total 282880K, used 32059K [0x91ac0000, 0xa6f80000, 0xa7000000)
  eden space 219136K, 0% used [0x91ac0000,0x91ac0000,0x9f0c0000)
  from space 63744K, 50% used [0x9f0c0000,0xa100ee18,0xa2f00000)
  to   space 62464K, 0% used [0xa3280000,0xa3280000,0xa6f80000)
 ParOldGen       total 222976K, used 200857K [0x67000000, 0x749c0000, 0x91ac0000)
  object space 222976K, 90% used [0x67000000,0x734266d0,0x749c0000)
 Metaspace       used 4292K, capacity 4326K, committed 4376K, reserved 4400K
}
Event: 10.369 GC heap before
{Heap before GC invocations=19 (full 4):
 PSYoungGen      total 282880K, used 32059K [0x91ac0000, 0xa6f80000, 0xa7000000)
  eden space 219136K, 0% used [0x91ac0000,0x91ac0000,0x9f0c0000)
  from space 63744K, 50% used [0x9f0c0000,0xa100ee18,0xa2f00000)
  to   space 62464K, 0% used [0xa3280000,0xa3280000,0xa6f80000)
 ParOldGen       total 222976K, used 200857K [0x67000000, 0x749c0000, 0x91ac0000)
  object space 222976K, 90% used [0x67000000,0x734266d0,0x749c0000)
 Metaspace       used 4292K, capacity 4326K, committed 4376K, reserved 4400K

