# JRE version: Java(TM) SE Runtime Environment (8.0_66-b17) (build 1.8.0_66-b17)
# Java VM: Java HotSpot(TM) Server VM (25.66-b17 mixed mode linux-x86 )
Heap:
 PSYoungGen      total 216064K, used 0K [0x91ac0000, 0xa4c00000, 0xa7000000)
  eden space 186112K, 0% used [0x91ac0000,0x91ac0000,0x9d080000)
  from space 29952K, 0% used [0x9d080000,0x9d080000,0x9edc0000)
  to   space 33792K, 59% used [0xa2b00000,0xa3e87d58,0xa4c00000)
 ParOldGen       total 82944K, used 82881K [0x67000000, 0x6c100000, 0x91ac0000)
  object space 82944K, 99% used [0x67000000,0x6c0f0670,0x6c100000)
 Metaspace       used 4275K, capacity 4294K, committed 4376K, reserved 4400K
GC Heap History (10 events):
Event: 3.602 GC heap after
Heap after GC invocations=9 (full 0):
 PSYoungGen      total 136192K, used 17148K [0x91ac0000, 0xa06c0000, 0xa7000000)
  eden space 119040K, 0% used [0x91ac0000,0x91ac0000,0x98f00000)
  from space 17152K, 99% used [0x98f00000,0x99fbf078,0x99fc0000)
  to   space 25600K, 0% used [0x9edc0000,0x9edc0000,0xa06c0000)
 ParOldGen       total 42496K, used 29595K [0x67000000, 0x69980000, 0x91ac0000)
  object space 42496K, 69% used [0x67000000,0x68ce6c28,0x69980000)
 Metaspace       used 4145K, capacity 4166K, committed 4248K, reserved 4400K
}
Event: 4.074 GC heap before
{Heap before GC invocations=10 (full 0):
 PSYoungGen      total 136192K, used 136188K [0x91ac0000, 0xa06c0000, 0xa7000000)
  eden space 119040K, 100% used [0x91ac0000,0x98f00000,0x98f00000)
  from space 17152K, 99% used [0x98f00000,0x99fbf078,0x99fc0000)
  to   space 25600K, 0% used [0x9edc0000,0x9edc0000,0xa06c0000)
 ParOldGen       total 42496K, used 29595K [0x67000000, 0x69980000, 0x91ac0000)
  object space 42496K, 69% used [0x67000000,0x68ce6c28,0x69980000)
 Metaspace       used 4196K, capacity 4230K, committed 4248K, reserved 4400K
Event: 4.138 GC heap after
Heap after GC invocations=10 (full 0):
 PSYoungGen      total 211712K, used 25210K [0x91ac0000, 0xa0f40000, 0xa7000000)
  eden space 186112K, 0% used [0x91ac0000,0x91ac0000,0x9d080000)
  from space 25600K, 98% used [0x9edc0000,0xa065e9e8,0xa06c0000)
  to   space 29952K, 0% used [0x9d080000,0x9d080000,0x9edc0000)
 ParOldGen       total 42496K, used 37636K [0x67000000, 0x69980000, 0x91ac0000)
  object space 42496K, 88% used [0x67000000,0x694c13b0,0x69980000)
 Metaspace       used 4196K, capacity 4230K, committed 4248K, reserved 4400K
}
Event: 4.138 GC heap before
{Heap before GC invocations=11 (full 1):
 PSYoungGen      total 211712K, used 25210K [0x91ac0000, 0xa0f40000, 0xa7000000)
  eden space 186112K, 0% used [0x91ac0000,0x91ac0000,0x9d080000)
  from space 25600K, 98% used [0x9edc0000,0xa065e9e8,0xa06c0000)
  to   space 29952K, 0% used [0x9d080000,0x9d080000,0x9edc0000)
 ParOldGen       total 42496K, used 37636K [0x67000000, 0x69980000, 0x91ac0000)
  object space 42496K, 88% used [0x67000000,0x694c13b0,0x69980000)
 Metaspace       used 4196K, capacity 4230K, committed 4248K, reserved 4400K
Event: 4.473 GC heap after
Heap after GC invocations=11 (full 1):
 PSYoungGen      total 211712K, used 16359K [0x91ac0000, 0xa0f40000, 0xa7000000)
  eden space 186112K, 0% used [0x91ac0000,0x91ac0000,0x9d080000)
  from space 25600K, 63% used [0x9edc0000,0x9fdb9f60,0xa06c0000)
  to   space 29952K, 0% used [0x9d080000,0x9d080000,0x9edc0000)
 ParOldGen       total 77056K, used 42465K [0x67000000, 0x6bb40000, 0x91ac0000)
  object space 77056K, 55% used [0x67000000,0x69978628,0x6bb40000)
 Metaspace       used 4196K, capacity 4230K, committed 4248K, reserved 4400K
}
Event: 5.076 GC heap before
{Heap before GC invocations=12 (full 1):
 PSYoungGen      total 211712K, used 202471K [0x91ac0000, 0xa0f40000, 0xa7000000)
  eden space 186112K, 100% used [0x91ac0000,0x9d080000,0x9d080000)
  from space 25600K, 63% used [0x9edc0000,0x9fdb9f60,0xa06c0000)
  to   space 29952K, 0% used [0x9d080000,0x9d080000,0x9edc0000)
 ParOldGen       total 77056K, used 42465K [0x67000000, 0x6bb40000, 0x91ac0000)
  object space 77056K, 55% used [0x67000000,0x69978628,0x6bb40000)
 Metaspace       used 4239K, capacity 4294K, committed 4376K, reserved 4400K
Event: 5.143 GC heap after
Heap after GC invocations=12 (full 1):
 PSYoungGen      total 216064K, used 26063K [0x91ac0000, 0xa4c00000, 0xa7000000)
  eden space 186112K, 0% used [0x91ac0000,0x91ac0000,0x9d080000)
  from space 29952K, 87% used [0x9d080000,0x9e9f3ff0,0x9edc0000)
  to   space 33792K, 0% used [0xa2b00000,0xa2b00000,0xa4c00000)
 ParOldGen       total 77056K, used 58436K [0x67000000, 0x6bb40000, 0x91ac0000)
  object space 77056K, 75% used [0x67000000,0x6a911010,0x6bb40000)
 Metaspace       used 4239K, capacity 4294K, committed 4376K, reserved 4400K
}
Event: 5.799 GC heap before
{Heap before GC invocations=13 (full 1):
 PSYoungGen      total 216064K, used 212175K [0x91ac0000, 0xa4c00000, 0xa7000000)
  eden space 186112K, 100% used [0x91ac0000,0x9d080000,0x9d080000)
  from space 29952K, 87% used [0x9d080000,0x9e9f3ff0,0x9edc0000)
  to   space 33792K, 0% used [0xa2b00000,0xa2b00000,0xa4c00000)
 ParOldGen       total 77056K, used 58436K [0x67000000, 0x6bb40000, 0x91ac0000)
  object space 77056K, 75% used [0x67000000,0x6a911010,0x6bb40000)
 Metaspace       used 4275K, capacity 4294K, committed 4376K, reserved 4400K
Event: 6.133 GC heap after
Heap after GC invocations=13 (full 1):
 PSYoungGen      total 216064K, used 212175K [0x91ac0000, 0xa4c00000, 0xa7000000)
  eden space 186112K, 100% used [0x91ac0000,0x9d080000,0x9d080000)
  from space 29952K, 87% used [0x9d080000,0x9e9f3ff0,0x9edc0000)
  to   space 33792K, 65% used [0xa2b00000,0xa4086d58,0xa4c00000)
 ParOldGen       total 82944K, used 82809K [0x67000000, 0x6c100000, 0x91ac0000)
  object space 82944K, 99% used [0x67000000,0x6c0de658,0x6c100000)
 Metaspace       used 4275K, capacity 4294K, committed 4376K, reserved 4400K
}
Event: 6.133 GC heap before
{Heap before GC invocations=14 (full 2):
 PSYoungGen      total 216064K, used 212175K [0x91ac0000, 0xa4c00000, 0xa7000000)
  eden space 186112K, 100% used [0x91ac0000,0x9d080000,0x9d080000)
  from space 29952K, 87% used [0x9d080000,0x9e9f3ff0,0x9edc0000)
  to   space 33792K, 65% used [0xa2b00000,0xa4086d58,0xa4c00000)
 ParOldGen       total 82944K, used 82809K [0x67000000, 0x6c100000, 0x91ac0000)
  object space 82944K, 99% used [0x67000000,0x6c0de658,0x6c100000)
 Metaspace       used 4275K, capacity 4294K, committed 4376K, reserved 4400K

