# JRE version: Java(TM) SE Runtime Environment (8.0_66-b17) (build 1.8.0_66-b17)
# Java VM: Java HotSpot(TM) Server VM (25.66-b17 mixed mode linux-x86 )
Heap:
 PSYoungGen      total 262912K, used 4005K [0x91ac0000, 0xa7000000, 0xa7000000)
  eden space 206080K, 0% used [0x91ac0000,0x91ac0000,0x9e400000)
  from space 56832K, 7% used [0xa3880000,0xa3c697f0,0xa7000000)
  to   space 71680K, 0% used [0x9e400000,0x9e400000,0xa2a00000)
 ParOldGen       total 235520K, used 235360K [0x67000000, 0x75600000, 0x91ac0000)
  object space 235520K, 99% used [0x67000000,0x755d82c8,0x75600000)
 Metaspace       used 4506K, capacity 4550K, committed 4632K, reserved 5424K
GC Heap History (10 events):
Event: 7.036 GC heap after
Heap after GC invocations=15 (full 2):
 PSYoungGen      total 279552K, used 37885K [0x91ac0000, 0xa7000000, 0xa7000000)
  eden space 241664K, 0% used [0x91ac0000,0x91ac0000,0xa06c0000)
  from space 37888K, 99% used [0xa06c0000,0xa2bbf658,0xa2bc0000)
  to   space 54016K, 0% used [0xa3b40000,0xa3b40000,0xa7000000)
 ParOldGen       total 144640K, used 109685K [0x67000000, 0x6fd40000, 0x91ac0000)
  object space 144640K, 75% used [0x67000000,0x6db1d438,0x6fd40000)
 Metaspace       used 4280K, capacity 4326K, committed 4376K, reserved 4400K
}
Event: 7.823 GC heap before
{Heap before GC invocations=16 (full 2):
 PSYoungGen      total 279552K, used 279549K [0x91ac0000, 0xa7000000, 0xa7000000)
  eden space 241664K, 100% used [0x91ac0000,0xa06c0000,0xa06c0000)
  from space 37888K, 99% used [0xa06c0000,0xa2bbf658,0xa2bc0000)
  to   space 54016K, 0% used [0xa3b40000,0xa3b40000,0xa7000000)
 ParOldGen       total 144640K, used 109685K [0x67000000, 0x6fd40000, 0x91ac0000)
  object space 144640K, 75% used [0x67000000,0x6db1d438,0x6fd40000)
 Metaspace       used 4284K, capacity 4326K, committed 4376K, reserved 4400K
Event: 7.936 GC heap after
Heap after GC invocations=16 (full 2):
 PSYoungGen      total 289792K, used 36555K [0x91ac0000, 0xa7000000, 0xa7000000)
  eden space 235776K, 0% used [0x91ac0000,0x91ac0000,0xa0100000)
  from space 54016K, 67% used [0xa3b40000,0xa5ef2d68,0xa7000000)
  to   space 56832K, 0% used [0xa0100000,0xa0100000,0xa3880000)
 ParOldGen       total 145920K, used 145498K [0x67000000, 0x6fe80000, 0x91ac0000)
  object space 145920K, 99% used [0x67000000,0x6fe16b70,0x6fe80000)
 Metaspace       used 4284K, capacity 4326K, committed 4376K, reserved 4400K
}
Event: 7.936 GC heap before
{Heap before GC invocations=17 (full 3):
 PSYoungGen      total 289792K, used 36555K [0x91ac0000, 0xa7000000, 0xa7000000)
  eden space 235776K, 0% used [0x91ac0000,0x91ac0000,0xa0100000)
  from space 54016K, 67% used [0xa3b40000,0xa5ef2d68,0xa7000000)
  to   space 56832K, 0% used [0xa0100000,0xa0100000,0xa3880000)
 ParOldGen       total 145920K, used 145498K [0x67000000, 0x6fe80000, 0x91ac0000)
  object space 145920K, 99% used [0x67000000,0x6fe16b70,0x6fe80000)
 Metaspace       used 4284K, capacity 4326K, committed 4376K, reserved 4400K
Event: 8.842 GC heap after
Heap after GC invocations=17 (full 3):
 PSYoungGen      total 289792K, used 33938K [0x91ac0000, 0xa7000000, 0xa7000000)
  eden space 235776K, 0% used [0x91ac0000,0x91ac0000,0xa0100000)
  from space 54016K, 62% used [0xa3b40000,0xa5c64bd8,0xa7000000)
  to   space 56832K, 0% used [0xa0100000,0xa0100000,0xa3880000)
 ParOldGen       total 235520K, used 145742K [0x67000000, 0x75600000, 0x91ac0000)
  object space 235520K, 61% used [0x67000000,0x6fe53b70,0x75600000)
 Metaspace       used 4284K, capacity 4326K, committed 4376K, reserved 4400K
}
Event: 9.678 GC heap before
{Heap before GC invocations=18 (full 3):
 PSYoungGen      total 289792K, used 269714K [0x91ac0000, 0xa7000000, 0xa7000000)
  eden space 235776K, 100% used [0x91ac0000,0xa0100000,0xa0100000)
  from space 54016K, 62% used [0xa3b40000,0xa5c64bd8,0xa7000000)
  to   space 56832K, 0% used [0xa0100000,0xa0100000,0xa3880000)
 ParOldGen       total 235520K, used 145742K [0x67000000, 0x75600000, 0x91ac0000)
  object space 235520K, 61% used [0x67000000,0x6fe53b70,0x75600000)
 Metaspace       used 4294K, capacity 4326K, committed 4376K, reserved 4400K
Event: 9.823 GC heap after
Heap after GC invocations=18 (full 3):
 PSYoungGen      total 292608K, used 56829K [0x91ac0000, 0xa7000000, 0xa7000000)
  eden space 235776K, 0% used [0x91ac0000,0x91ac0000,0xa0100000)
  from space 56832K, 99% used [0xa0100000,0xa387f5f8,0xa3880000)
  to   space 56832K, 0% used [0xa3880000,0xa3880000,0xa7000000)
 ParOldGen       total 235520K, used 158909K [0x67000000, 0x75600000, 0x91ac0000)
  object space 235520K, 67% used [0x67000000,0x70b2f698,0x75600000)
 Metaspace       used 4294K, capacity 4326K, committed 4376K, reserved 4400K
}
Event: 11.951 GC heap before
{Heap before GC invocations=19 (full 3):
 PSYoungGen      total 292608K, used 292605K [0x91ac0000, 0xa7000000, 0xa7000000)
  eden space 235776K, 100% used [0x91ac0000,0xa0100000,0xa0100000)
  from space 56832K, 99% used [0xa0100000,0xa387f5f8,0xa3880000)
  to   space 56832K, 0% used [0xa3880000,0xa3880000,0xa7000000)
 ParOldGen       total 235520K, used 158909K [0x67000000, 0x75600000, 0x91ac0000)
  object space 235520K, 67% used [0x67000000,0x70b2f698,0x75600000)
 Metaspace       used 4506K, capacity 4550K, committed 4632K, reserved 5424K
Event: 12.202 GC heap after
Heap after GC invocations=19 (full 3):
 PSYoungGen      total 262912K, used 38602K [0x91ac0000, 0xa7000000, 0xa7000000)
  eden space 206080K, 0% used [0x91ac0000,0x91ac0000,0x9e400000)
  from space 56832K, 67% used [0xa3880000,0xa5e329e0,0xa7000000)
  to   space 71680K, 0% used [0x9e400000,0x9e400000,0xa2a00000)
 ParOldGen       total 235520K, used 215506K [0x67000000, 0x75600000, 0x91ac0000)
  object space 235520K, 91% used [0x67000000,0x74274a40,0x75600000)
 Metaspace       used 4506K, capacity 4550K, committed 4632K, reserved 5424K
}
Event: 12.202 GC heap before
{Heap before GC invocations=20 (full 4):
 PSYoungGen      total 262912K, used 38602K [0x91ac0000, 0xa7000000, 0xa7000000)
  eden space 206080K, 0% used [0x91ac0000,0x91ac0000,0x9e400000)
  from space 56832K, 67% used [0xa3880000,0xa5e329e0,0xa7000000)
  to   space 71680K, 0% used [0x9e400000,0x9e400000,0xa2a00000)
 ParOldGen       total 235520K, used 215506K [0x67000000, 0x75600000, 0x91ac0000)
  object space 235520K, 91% used [0x67000000,0x74274a40,0x75600000)
 Metaspace       used 4506K, capacity 4550K, committed 4632K, reserved 5424K

