# JRE version: Java(TM) SE Runtime Environment (8.0_66-b17) (build 1.8.0_66-b17)
# Java VM: Java HotSpot(TM) Server VM (25.66-b17 mixed mode linux-x86 )
Heap:
 PSYoungGen      total 237824K, used 0K [0x91ac0000, 0xa7000000, 0xa7000000)
  eden space 126208K, 0% used [0x91ac0000,0x91ac0000,0x99600000)
  from space 111616K, 0% used [0x99600000,0x99600000,0xa0300000)
  to   space 106752K, 0% used [0xa07c0000,0xa07c0000,0xa7000000)
 ParOldGen       total 498944K, used 457350K [0x67000000, 0x85740000, 0x91ac0000)
  object space 498944K, 91% used [0x67000000,0x82ea1908,0x85740000)
 Metaspace       used 4306K, capacity 4358K, committed 4376K, reserved 4400K
GC Heap History (10 events):
Event: 13.194 GC heap after
Heap after GC invocations=22 (full 4):
 PSYoungGen      total 244736K, used 70387K [0x91ac0000, 0xa7000000, 0xa7000000)
  eden space 174336K, 0% used [0x91ac0000,0x91ac0000,0x9c500000)
  from space 70400K, 99% used [0xa2b40000,0xa6ffcf80,0xa7000000)
  to   space 87552K, 0% used [0x9c500000,0x9c500000,0xa1a80000)
 ParOldGen       total 357376K, used 251394K [0x67000000, 0x7cd00000, 0x91ac0000)
  object space 357376K, 70% used [0x67000000,0x765808b0,0x7cd00000)
 Metaspace       used 4306K, capacity 4358K, committed 4376K, reserved 4400K
}
Event: 14.298 GC heap before
{Heap before GC invocations=23 (full 4):
 PSYoungGen      total 244736K, used 244723K [0x91ac0000, 0xa7000000, 0xa7000000)
  eden space 174336K, 100% used [0x91ac0000,0x9c500000,0x9c500000)
  from space 70400K, 99% used [0xa2b40000,0xa6ffcf80,0xa7000000)
  to   space 87552K, 0% used [0x9c500000,0x9c500000,0xa1a80000)
 ParOldGen       total 357376K, used 251394K [0x67000000, 0x7cd00000, 0x91ac0000)
  object space 357376K, 70% used [0x67000000,0x765808b0,0x7cd00000)
 Metaspace       used 4306K, capacity 4358K, committed 4376K, reserved 4400K
Event: 14.430 GC heap after
Heap after GC invocations=23 (full 4):
 PSYoungGen      total 240384K, used 66046K [0x91ac0000, 0xa7000000, 0xa7000000)
  eden space 174336K, 0% used [0x91ac0000,0x91ac0000,0x9c500000)
  from space 66048K, 99% used [0x9c500000,0xa057f8a0,0xa0580000)
  to   space 94464K, 0% used [0xa13c0000,0xa13c0000,0xa7000000)
 ParOldGen       total 357376K, used 324710K [0x67000000, 0x7cd00000, 0x91ac0000)
  object space 357376K, 90% used [0x67000000,0x7ad19858,0x7cd00000)
 Metaspace       used 4306K, capacity 4358K, committed 4376K, reserved 4400K
}
Event: 14.430 GC heap before
{Heap before GC invocations=24 (full 5):
 PSYoungGen      total 240384K, used 66046K [0x91ac0000, 0xa7000000, 0xa7000000)
  eden space 174336K, 0% used [0x91ac0000,0x91ac0000,0x9c500000)
  from space 66048K, 99% used [0x9c500000,0xa057f8a0,0xa0580000)
  to   space 94464K, 0% used [0xa13c0000,0xa13c0000,0xa7000000)
 ParOldGen       total 357376K, used 324710K [0x67000000, 0x7cd00000, 0x91ac0000)
  object space 357376K, 90% used [0x67000000,0x7ad19858,0x7cd00000)
 Metaspace       used 4306K, capacity 4358K, committed 4376K, reserved 4400K
Event: 15.226 GC heap after
Heap after GC invocations=24 (full 5):
 PSYoungGen      total 240384K, used 0K [0x91ac0000, 0xa7000000, 0xa7000000)
  eden space 174336K, 0% used [0x91ac0000,0x91ac0000,0x9c500000)
  from space 66048K, 0% used [0x9c500000,0x9c500000,0xa0580000)
  to   space 94464K, 0% used [0xa13c0000,0xa13c0000,0xa7000000)
 ParOldGen       total 498944K, used 340881K [0x67000000, 0x85740000, 0x91ac0000)
  object space 498944K, 68% used [0x67000000,0x7bce4500,0x85740000)
 Metaspace       used 4306K, capacity 4358K, committed 4376K, reserved 4400K
}
Event: 15.381 GC heap before
{Heap before GC invocations=25 (full 5):
 PSYoungGen      total 240384K, used 174336K [0x91ac0000, 0xa7000000, 0xa7000000)
  eden space 174336K, 100% used [0x91ac0000,0x9c500000,0x9c500000)
  from space 66048K, 0% used [0x9c500000,0x9c500000,0xa0580000)
  to   space 94464K, 0% used [0xa13c0000,0xa13c0000,0xa7000000)
 ParOldGen       total 498944K, used 340881K [0x67000000, 0x85740000, 0x91ac0000)
  object space 498944K, 68% used [0x67000000,0x7bce4500,0x85740000)
 Metaspace       used 4306K, capacity 4358K, committed 4376K, reserved 4400K
Event: 15.433 GC heap after
Heap after GC invocations=25 (full 5):
 PSYoungGen      total 220672K, used 94455K [0x91ac0000, 0xa7000000, 0xa7000000)
  eden space 126208K, 0% used [0x91ac0000,0x91ac0000,0x99600000)
  from space 94464K, 99% used [0xa13c0000,0xa6ffdf08,0xa7000000)
  to   space 111616K, 0% used [0x99600000,0x99600000,0xa0300000)
 ParOldGen       total 498944K, used 345146K [0x67000000, 0x85740000, 0x91ac0000)
  object space 498944K, 69% used [0x67000000,0x7c10e938,0x85740000)
 Metaspace       used 4306K, capacity 4358K, committed 4376K, reserved 4400K
}
Event: 15.807 GC heap before
{Heap before GC invocations=26 (full 5):
 PSYoungGen      total 220672K, used 220663K [0x91ac0000, 0xa7000000, 0xa7000000)
  eden space 126208K, 100% used [0x91ac0000,0x99600000,0x99600000)
  from space 94464K, 99% used [0xa13c0000,0xa6ffdf08,0xa7000000)
  to   space 111616K, 0% used [0x99600000,0x99600000,0xa0300000)
 ParOldGen       total 498944K, used 345146K [0x67000000, 0x85740000, 0x91ac0000)
  object space 498944K, 69% used [0x67000000,0x7c10e938,0x85740000)
 Metaspace       used 4306K, capacity 4358K, committed 4376K, reserved 4400K
Event: 15.952 GC heap after
Heap after GC invocations=26 (full 5):
 PSYoungGen      total 237824K, used 31599K [0x91ac0000, 0xa7000000, 0xa7000000)
  eden space 126208K, 0% used [0x91ac0000,0x91ac0000,0x99600000)
  from space 111616K, 28% used [0x99600000,0x9b4dbf40,0xa0300000)
  to   space 106752K, 0% used [0xa07c0000,0xa07c0000,0xa7000000)
 ParOldGen       total 498944K, used 458910K [0x67000000, 0x85740000, 0x91ac0000)
  object space 498944K, 91% used [0x67000000,0x83027860,0x85740000)
 Metaspace       used 4306K, capacity 4358K, committed 4376K, reserved 4400K
}
Event: 15.952 GC heap before
{Heap before GC invocations=27 (full 6):
 PSYoungGen      total 237824K, used 31599K [0x91ac0000, 0xa7000000, 0xa7000000)
  eden space 126208K, 0% used [0x91ac0000,0x91ac0000,0x99600000)
  from space 111616K, 28% used [0x99600000,0x9b4dbf40,0xa0300000)
  to   space 106752K, 0% used [0xa07c0000,0xa07c0000,0xa7000000)
 ParOldGen       total 498944K, used 458910K [0x67000000, 0x85740000, 0x91ac0000)
  object space 498944K, 91% used [0x67000000,0x83027860,0x85740000)
 Metaspace       used 4306K, capacity 4358K, committed 4376K, reserved 4400K

