# JRE version: Java(TM) SE Runtime Environment (8.0_66-b17) (build 1.8.0_66-b17)
# Java VM: Java HotSpot(TM) Server VM (25.66-b17 mixed mode linux-x86 )
Heap:
 PSYoungGen      total 140544K, used 15610K [0x91ac0000, 0x9b540000, 0xa7000000)
  eden space 124928K, 0% used [0x91ac0000,0x91ac0000,0x994c0000)
  from space 15616K, 99% used [0x994c0000,0x9a3fe940,0x9a400000)
  to   space 13568K, 0% used [0x9a400000,0x9a400000,0x9b140000)
 ParOldGen       total 42496K, used 30460K [0x67000000, 0x69980000, 0x91ac0000)
  object space 42496K, 71% used [0x67000000,0x68dbf0a0,0x69980000)
 Metaspace       used 4110K, capacity 4134K, committed 4248K, reserved 4400K
GC Heap History (10 events):
Event: 0.405 GC heap after
Heap after GC invocations=2 (full 0):
 PSYoungGen      total 34304K, used 1080K [0x91ac0000, 0x93ec0000, 0xa7000000)
  eden space 31744K, 0% used [0x91ac0000,0x91ac0000,0x939c0000)
  from space 2560K, 42% used [0x93c40000,0x93d4e160,0x93ec0000)
  to   space 2560K, 0% used [0x939c0000,0x939c0000,0x93c40000)
 ParOldGen       total 42496K, used 4K [0x67000000, 0x69980000, 0x91ac0000)
  object space 42496K, 0% used [0x67000000,0x67001000,0x69980000)
 Metaspace       used 2190K, capacity 2366K, committed 2456K, reserved 4400K
}
Event: 1.070 GC heap before
{Heap before GC invocations=3 (full 0):
 PSYoungGen      total 34304K, used 32824K [0x91ac0000, 0x93ec0000, 0xa7000000)
  eden space 31744K, 100% used [0x91ac0000,0x939c0000,0x939c0000)
  from space 2560K, 42% used [0x93c40000,0x93d4e160,0x93ec0000)
  to   space 2560K, 0% used [0x939c0000,0x939c0000,0x93c40000)
 ParOldGen       total 42496K, used 4K [0x67000000, 0x69980000, 0x91ac0000)
  object space 42496K, 0% used [0x67000000,0x67001000,0x69980000)
 Metaspace       used 3793K, capacity 3814K, committed 3864K, reserved 4400K
Event: 1.079 GC heap after
Heap after GC invocations=3 (full 0):
 PSYoungGen      total 34304K, used 2544K [0x91ac0000, 0x95dc0000, 0xa7000000)
  eden space 31744K, 0% used [0x91ac0000,0x91ac0000,0x939c0000)
  from space 2560K, 99% used [0x939c0000,0x93c3c288,0x93c40000)
  to   space 2560K, 0% used [0x95b40000,0x95b40000,0x95dc0000)
 ParOldGen       total 42496K, used 2494K [0x67000000, 0x69980000, 0x91ac0000)
  object space 42496K, 5% used [0x67000000,0x6726fa78,0x69980000)
 Metaspace       used 3793K, capacity 3814K, committed 3864K, reserved 4400K
}
Event: 1.585 GC heap before
{Heap before GC invocations=4 (full 0):
 PSYoungGen      total 34304K, used 34288K [0x91ac0000, 0x95dc0000, 0xa7000000)
  eden space 31744K, 100% used [0x91ac0000,0x939c0000,0x939c0000)
  from space 2560K, 99% used [0x939c0000,0x93c3c288,0x93c40000)
  to   space 2560K, 0% used [0x95b40000,0x95b40000,0x95dc0000)
 ParOldGen       total 42496K, used 2494K [0x67000000, 0x69980000, 0x91ac0000)
  object space 42496K, 5% used [0x67000000,0x6726fa78,0x69980000)
 Metaspace       used 3853K, capacity 3878K, committed 3992K, reserved 4400K
Event: 1.599 GC heap after
Heap after GC invocations=4 (full 0):
 PSYoungGen      total 66048K, used 2549K [0x91ac0000, 0x95dc0000, 0xa7000000)
  eden space 63488K, 0% used [0x91ac0000,0x91ac0000,0x958c0000)
  from space 2560K, 99% used [0x95b40000,0x95dbd700,0x95dc0000)
  to   space 2560K, 0% used [0x958c0000,0x958c0000,0x95b40000)
 ParOldGen       total 42496K, used 7336K [0x67000000, 0x69980000, 0x91ac0000)
  object space 42496K, 17% used [0x67000000,0x6772a148,0x69980000)
 Metaspace       used 3853K, capacity 3878K, committed 3992K, reserved 4400K
}
Event: 2.373 GC heap before
{Heap before GC invocations=5 (full 0):
 PSYoungGen      total 66048K, used 66037K [0x91ac0000, 0x95dc0000, 0xa7000000)
  eden space 63488K, 100% used [0x91ac0000,0x958c0000,0x958c0000)
  from space 2560K, 99% used [0x95b40000,0x95dbd700,0x95dc0000)
  to   space 2560K, 0% used [0x958c0000,0x958c0000,0x95b40000)
 ParOldGen       total 42496K, used 7336K [0x67000000, 0x69980000, 0x91ac0000)
  object space 42496K, 17% used [0x67000000,0x6772a148,0x69980000)
 Metaspace       used 3919K, capacity 3974K, committed 3992K, reserved 4400K
Event: 2.411 GC heap after
Heap after GC invocations=5 (full 0):
 PSYoungGen      total 66048K, used 2558K [0x91ac0000, 0x9b140000, 0xa7000000)
  eden space 63488K, 0% used [0x91ac0000,0x91ac0000,0x958c0000)
  from space 2560K, 99% used [0x958c0000,0x95b3f908,0x95b40000)
  to   space 13568K, 0% used [0x9a400000,0x9a400000,0x9b140000)
 ParOldGen       total 42496K, used 17146K [0x67000000, 0x69980000, 0x91ac0000)
  object space 42496K, 40% used [0x67000000,0x680beae8,0x69980000)
 Metaspace       used 3919K, capacity 3974K, committed 3992K, reserved 4400K
}
Event: 2.905 GC heap before
{Heap before GC invocations=6 (full 0):
 PSYoungGen      total 66048K, used 66046K [0x91ac0000, 0x9b140000, 0xa7000000)
  eden space 63488K, 100% used [0x91ac0000,0x958c0000,0x958c0000)
  from space 2560K, 99% used [0x958c0000,0x95b3f908,0x95b40000)
  to   space 13568K, 0% used [0x9a400000,0x9a400000,0x9b140000)
 ParOldGen       total 42496K, used 17146K [0x67000000, 0x69980000, 0x91ac0000)
  object space 42496K, 40% used [0x67000000,0x680beae8,0x69980000)
 Metaspace       used 3945K, capacity 3974K, committed 3992K, reserved 4400K
Event: 2.939 GC heap after
Heap after GC invocations=6 (full 0):
 PSYoungGen      total 138496K, used 11506K [0x91ac0000, 0x9b540000, 0xa7000000)
  eden space 124928K, 0% used [0x91ac0000,0x91ac0000,0x994c0000)
  from space 13568K, 84% used [0x9a400000,0x9af3c8e8,0x9b140000)
  to   space 15616K, 0% used [0x994c0000,0x994c0000,0x9a400000)
 ParOldGen       total 42496K, used 17146K [0x67000000, 0x69980000, 0x91ac0000)
  object space 42496K, 40% used [0x67000000,0x680beae8,0x69980000)
 Metaspace       used 3945K, capacity 3974K, committed 3992K, reserved 4400K
}
Event: 4.004 GC heap before
{Heap before GC invocations=7 (full 0):
 PSYoungGen      total 138496K, used 136434K [0x91ac0000, 0x9b540000, 0xa7000000)
  eden space 124928K, 100% used [0x91ac0000,0x994c0000,0x994c0000)
  from space 13568K, 84% used [0x9a400000,0x9af3c8e8,0x9b140000)
  to   space 15616K, 0% used [0x994c0000,0x994c0000,0x9a400000)
 ParOldGen       total 42496K, used 17146K [0x67000000, 0x69980000, 0x91ac0000)
  object space 42496K, 40% used [0x67000000,0x680beae8,0x69980000)
 Metaspace       used 4110K, capacity 4134K, committed 4248K, reserved 4400K

