# JRE version: Java(TM) SE Runtime Environment (8.0_66-b17) (build 1.8.0_66-b17)
# Java VM: Java HotSpot(TM) Server VM (25.66-b17 mixed mode linux-x86 )
Heap:
 PSYoungGen      total 219136K, used 23042K [0x91ac0000, 0xa1340000, 0xa7000000)
  eden space 187136K, 0% used [0x91ac0000,0x91ac0000,0x9d180000)
  from space 32000K, 72% used [0x9d180000,0x9e800b28,0x9f0c0000)
  to   space 28672K, 0% used [0x9f0c0000,0x9f0c0000,0xa0cc0000)
 ParOldGen       total 80128K, used 59889K [0x67000000, 0x6be40000, 0x91ac0000)
  object space 80128K, 74% used [0x67000000,0x6aa7c780,0x6be40000)
 Metaspace       used 4250K, capacity 4294K, committed 4376K, reserved 4400K
GC Heap History (10 events):
Event: 1.901 GC heap after
Heap after GC invocations=7 (full 0):
 PSYoungGen      total 71168K, used 9469K [0x91ac0000, 0x9b140000, 0xa7000000)
  eden space 61696K, 0% used [0x91ac0000,0x91ac0000,0x95700000)
  from space 9472K, 99% used [0x95700000,0x9603f520,0x96040000)
  to   space 15360K, 0% used [0x9a240000,0x9a240000,0x9b140000)
 ParOldGen       total 42496K, used 15407K [0x67000000, 0x69980000, 0x91ac0000)
  object space 42496K, 36% used [0x67000000,0x67f0bd80,0x69980000)
 Metaspace       used 3930K, capacity 3974K, committed 3992K, reserved 4400K
}
Event: 2.174 GC heap before
{Heap before GC invocations=8 (full 0):
 PSYoungGen      total 71168K, used 71165K [0x91ac0000, 0x9b140000, 0xa7000000)
  eden space 61696K, 100% used [0x91ac0000,0x95700000,0x95700000)
  from space 9472K, 99% used [0x95700000,0x9603f520,0x96040000)
  to   space 15360K, 0% used [0x9a240000,0x9a240000,0x9b140000)
 ParOldGen       total 42496K, used 15407K [0x67000000, 0x69980000, 0x91ac0000)
  object space 42496K, 36% used [0x67000000,0x67f0bd80,0x69980000)
 Metaspace       used 3955K, capacity 4006K, committed 4120K, reserved 4400K
Event: 2.204 GC heap after
Heap after GC invocations=8 (full 0):
 PSYoungGen      total 134400K, used 15350K [0x91ac0000, 0x9b9c0000, 0xa7000000)
  eden space 119040K, 0% used [0x91ac0000,0x91ac0000,0x98f00000)
  from space 15360K, 99% used [0x9a240000,0x9b13da28,0x9b140000)
  to   space 19712K, 0% used [0x98f00000,0x98f00000,0x9a240000)
 ParOldGen       total 42496K, used 18305K [0x67000000, 0x69980000, 0x91ac0000)
  object space 42496K, 43% used [0x67000000,0x681e06c8,0x69980000)
 Metaspace       used 3955K, capacity 4006K, committed 4120K, reserved 4400K
}
Event: 2.874 GC heap before
{Heap before GC invocations=9 (full 0):
 PSYoungGen      total 134400K, used 134390K [0x91ac0000, 0x9b9c0000, 0xa7000000)
  eden space 119040K, 100% used [0x91ac0000,0x98f00000,0x98f00000)
  from space 15360K, 99% used [0x9a240000,0x9b13da28,0x9b140000)
  to   space 19712K, 0% used [0x98f00000,0x98f00000,0x9a240000)
 ParOldGen       total 42496K, used 18305K [0x67000000, 0x69980000, 0x91ac0000)
  object space 42496K, 43% used [0x67000000,0x681e06c8,0x69980000)
 Metaspace       used 4142K, capacity 4166K, committed 4248K, reserved 4400K
Event: 2.926 GC heap after
Heap after GC invocations=9 (full 0):
 PSYoungGen      total 138752K, used 19696K [0x91ac0000, 0xa0cc0000, 0xa7000000)
  eden space 119040K, 0% used [0x91ac0000,0x91ac0000,0x98f00000)
  from space 19712K, 99% used [0x98f00000,0x9a23c3a8,0x9a240000)
  to   space 28672K, 0% used [0x9f0c0000,0x9f0c0000,0xa0cc0000)
 ParOldGen       total 42496K, used 31091K [0x67000000, 0x69980000, 0x91ac0000)
  object space 42496K, 73% used [0x67000000,0x68e5cdd8,0x69980000)
 Metaspace       used 4142K, capacity 4166K, committed 4248K, reserved 4400K
}
Event: 3.327 GC heap before
{Heap before GC invocations=10 (full 0):
 PSYoungGen      total 138752K, used 138736K [0x91ac0000, 0xa0cc0000, 0xa7000000)
  eden space 119040K, 100% used [0x91ac0000,0x98f00000,0x98f00000)
  from space 19712K, 99% used [0x98f00000,0x9a23c3a8,0x9a240000)
  to   space 28672K, 0% used [0x9f0c0000,0x9f0c0000,0xa0cc0000)
 ParOldGen       total 42496K, used 31091K [0x67000000, 0x69980000, 0x91ac0000)
  object space 42496K, 73% used [0x67000000,0x68e5cdd8,0x69980000)
 Metaspace       used 4193K, capacity 4230K, committed 4248K, reserved 4400K
Event: 3.380 GC heap after
Heap after GC invocations=10 (full 0):
 PSYoungGen      total 215808K, used 24086K [0x91ac0000, 0xa1340000, 0xa7000000)
  eden space 187136K, 0% used [0x91ac0000,0x91ac0000,0x9d180000)
  from space 28672K, 84% used [0x9f0c0000,0xa0845b38,0xa0cc0000)
  to   space 32000K, 0% used [0x9d180000,0x9d180000,0x9f0c0000)
 ParOldGen       total 42496K, used 41844K [0x67000000, 0x69980000, 0x91ac0000)
  object space 42496K, 98% used [0x67000000,0x698dd210,0x69980000)
 Metaspace       used 4193K, capacity 4230K, committed 4248K, reserved 4400K
}
Event: 3.380 GC heap before
{Heap before GC invocations=11 (full 1):
 PSYoungGen      total 215808K, used 24086K [0x91ac0000, 0xa1340000, 0xa7000000)
  eden space 187136K, 0% used [0x91ac0000,0x91ac0000,0x9d180000)
  from space 28672K, 84% used [0x9f0c0000,0xa0845b38,0xa0cc0000)
  to   space 32000K, 0% used [0x9d180000,0x9d180000,0x9f0c0000)
 ParOldGen       total 42496K, used 41844K [0x67000000, 0x69980000, 0x91ac0000)
  object space 42496K, 98% used [0x67000000,0x698dd210,0x69980000)
 Metaspace       used 4193K, capacity 4230K, committed 4248K, reserved 4400K
Event: 3.735 GC heap after
Heap after GC invocations=11 (full 1):
 PSYoungGen      total 215808K, used 18290K [0x91ac0000, 0xa1340000, 0xa7000000)
  eden space 187136K, 0% used [0x91ac0000,0x91ac0000,0x9d180000)
  from space 28672K, 63% used [0x9f0c0000,0xa029c8f0,0xa0cc0000)
  to   space 32000K, 0% used [0x9d180000,0x9d180000,0x9f0c0000)
 ParOldGen       total 80128K, used 42306K [0x67000000, 0x6be40000, 0x91ac0000)
  object space 80128K, 52% used [0x67000000,0x69950860,0x6be40000)
 Metaspace       used 4193K, capacity 4230K, committed 4248K, reserved 4400K
}
Event: 4.417 GC heap before
{Heap before GC invocations=12 (full 1):
 PSYoungGen      total 215808K, used 205426K [0x91ac0000, 0xa1340000, 0xa7000000)
  eden space 187136K, 100% used [0x91ac0000,0x9d180000,0x9d180000)
  from space 28672K, 63% used [0x9f0c0000,0xa029c8f0,0xa0cc0000)
  to   space 32000K, 0% used [0x9d180000,0x9d180000,0x9f0c0000)
 ParOldGen       total 80128K, used 42306K [0x67000000, 0x6be40000, 0x91ac0000)
  object space 80128K, 52% used [0x67000000,0x69950860,0x6be40000)
 Metaspace       used 4250K, capacity 4294K, committed 4376K, reserved 4400K

